#-----------------------------------------------------------
# Vivado v2019.2 (64-bit)
# SW Build 2708876 on Wed Nov  6 21:40:23 MST 2019
# IP Build 2700528 on Thu Nov  7 00:09:20 MST 2019
# Start of session at: Fri Mar 22 19:28:43 2024
# Process ID: 13276
# Current directory: C:/2024_CA_LAB/LAB/week03/lab01_not_gate/sim/xsim/lab01_not_gate
# Command line: vivado.exe -gui_launcher_event rodinguilauncherevent23780 C:\2024_CA_LAB\LAB\week03\lab01_not_gate\sim\xsim\lab01_not_gate\lab01_not_gate.xpr
# Log file: C:/2024_CA_LAB/LAB/week03/lab01_not_gate/sim/xsim/lab01_not_gate/vivado.log
# Journal file: C:/2024_CA_LAB/LAB/week03/lab01_not_gate/sim/xsim/lab01_not_gate\vivado.jou
#-----------------------------------------------------------
start_gui
open_project C:/2024_CA_LAB/LAB/week03/lab01_not_gate/sim/xsim/lab01_not_gate/lab01_not_gate.xpr
Scanning sources...
Finished scanning sources
INFO: [IP_Flow 19-234] Refreshing IP repositories
INFO: [IP_Flow 19-1704] No user IP repositories specified
INFO: [IP_Flow 19-2313] Loaded Vivado IP repository 'C:/Xilinx/Vivado/2019.2/data/ip'.
update_compile_order -fileset sources_1
exit
INFO: [Common 17-206] Exiting Vivado at Fri Mar 22 19:29:38 2024...
