INFO: [VRFC 10-2263] Analyzing Verilog file "C:/2024_CA_LAB/LAB/week12_HW/MIPS_pipeline_hazard/src/rtl/ASYNC_RAM_DP.v" into library xil_defaultlib
INFO: [VRFC 10-311] analyzing module ASYNC_RAM_DP
INFO: [VRFC 10-2263] Analyzing Verilog file "C:/2024_CA_LAB/LAB/week12_HW/MIPS_pipeline_hazard/src/rtl/EXE_MEM_pipe_reg.v" into library xil_defaultlib
INFO: [VRFC 10-311] analyzing module EXE_MEM_pipe_reg
INFO: [VRFC 10-2263] Analyzing Verilog file "C:/2024_CA_LAB/LAB/week12_HW/MIPS_pipeline_hazard/src/rtl/ID_EXE_pipe_reg.v" into library xil_defaultlib
INFO: [VRFC 10-311] analyzing module ID_EXE_pipe_reg
INFO: [VRFC 10-2263] Analyzing Verilog file "C:/2024_CA_LAB/LAB/week12_HW/MIPS_pipeline_hazard/src/rtl/IF_ID_pipe_reg.v" into library xil_defaultlib
INFO: [VRFC 10-311] analyzing module IF_ID_pipe_reg
INFO: [VRFC 10-2263] Analyzing Verilog file "C:/2024_CA_LAB/LAB/week12_HW/MIPS_pipeline_hazard/src/rtl/MEM_WB_pipe_reg.v" into library xil_defaultlib
INFO: [VRFC 10-311] analyzing module MEM_WB_pipe_reg
INFO: [VRFC 10-2263] Analyzing Verilog file "C:/2024_CA_LAB/LAB/week12_HW/MIPS_pipeline_hazard/src/rtl/MIPS_System.v" into library xil_defaultlib
INFO: [VRFC 10-311] analyzing module MIPS_System
INFO: [VRFC 10-2263] Analyzing Verilog file "C:/2024_CA_LAB/LAB/week12_HW/MIPS_pipeline_hazard/src/rtl/MIPS_cpu.v" into library xil_defaultlib
INFO: [VRFC 10-311] analyzing module MIPS_cpu
INFO: [VRFC 10-2458] undeclared symbol PCSrcD, assumed default net type wire [C:/2024_CA_LAB/LAB/week12_HW/MIPS_pipeline_hazard/src/rtl/MIPS_cpu.v:88]
INFO: [VRFC 10-2263] Analyzing Verilog file "C:/2024_CA_LAB/LAB/week12_HW/MIPS_pipeline_hazard/src/rtl/alu_32bit.v" into library xil_defaultlib
INFO: [VRFC 10-311] analyzing module alu_32bit
INFO: [VRFC 10-2263] Analyzing Verilog file "C:/2024_CA_LAB/LAB/week12_HW/MIPS_pipeline_hazard/src/rtl/control_unit.v" into library xil_defaultlib
INFO: [VRFC 10-311] analyzing module control_unit
INFO: [VRFC 10-2263] Analyzing Verilog file "C:/2024_CA_LAB/LAB/week12_HW/MIPS_pipeline_hazard/src/rtl/full_adder.v" into library xil_defaultlib
INFO: [VRFC 10-311] analyzing module full_adder
INFO: [VRFC 10-2263] Analyzing Verilog file "C:/2024_CA_LAB/LAB/week12_HW/MIPS_pipeline_hazard/src/rtl/hazard_unit.v" into library xil_defaultlib
INFO: [VRFC 10-311] analyzing module hazard_unit
INFO: [VRFC 10-2263] Analyzing Verilog file "C:/2024_CA_LAB/LAB/week12_HW/MIPS_pipeline_hazard/src/rtl/next_pc_logic_pipe.v" into library xil_defaultlib
INFO: [VRFC 10-311] analyzing module next_pc_logic_pipe
INFO: [VRFC 10-2263] Analyzing Verilog file "C:/2024_CA_LAB/LAB/week12_HW/MIPS_pipeline_hazard/src/rtl/reg_file_async.v" into library xil_defaultlib
INFO: [VRFC 10-311] analyzing module reg_file_async
INFO: [VRFC 10-2263] Analyzing Verilog file "C:/2024_CA_LAB/LAB/week12_HW/MIPS_pipeline_hazard/src/rtl/ripple_carry_adder.v" into library xil_defaultlib
INFO: [VRFC 10-311] analyzing module ripple_carry_adder
INFO: [VRFC 10-2263] Analyzing Verilog file "C:/2024_CA_LAB/LAB/week12_HW/MIPS_pipeline_hazard/src/rtl/sign_extension.v" into library xil_defaultlib
INFO: [VRFC 10-311] analyzing module sign_extension
INFO: [VRFC 10-2263] Analyzing Verilog file "C:/2024_CA_LAB/LAB/week12_HW/MIPS_pipeline_hazard/src/rtl/write_back_address.v" into library xil_defaultlib
INFO: [VRFC 10-311] analyzing module write_back_address
INFO: [VRFC 10-2263] Analyzing Verilog file "C:/2024_CA_LAB/LAB/week12_HW/MIPS_pipeline_hazard/src/rtl/write_back_data.v" into library xil_defaultlib
INFO: [VRFC 10-311] analyzing module write_back_data
INFO: [VRFC 10-2263] Analyzing Verilog file "C:/2024_CA_LAB/LAB/week12_HW/MIPS_pipeline_hazard/testbench/cpu_tb.v" into library xil_defaultlib
INFO: [VRFC 10-311] analyzing module cpu_tb
