#
# A fatal error has been detected by the Java Runtime Environment:
#
#  EXCEPTION_ACCESS_VIOLATION (0xc0000005) at pc=0x00007ffe20ea8a56, pid=8960, tid=28736
#
# JRE version: Java(TM) SE Runtime Environment (9.0+11) (build 9.0.4+11)
# Java VM: Java HotSpot(TM) 64-Bit Server VM (9.0.4+11, mixed mode, tiered, compressed oops, g1 gc, windows-amd64)
# Problematic frame:
# C  [librdi_filemgmt.dll+0x258a56]
#
# No core dump will be written. Minidumps are not enabled by default on client versions of Windows
#
# If you would like to submit a bug report, please visit:
#   http://bugreport.java.com/bugreport/crash.jsp
# The crash happened outside the Java Virtual Machine in native code.
# See problematic frame for where to report the bug.
#

---------------  S U M M A R Y ------------

Command Line: -Dsun.java2d.pmoffscreen=false -Dsun.java2d.xrender=false -Dsun.java2d.d3d=false -Dsun.awt.nopixfmt=true -Dsun.java2d.dpiaware=true -Dsun.java2d.uiScale.enabled=false -Xverify:none -Dswing.aatext=true -XX:-UsePerfData -Djdk.map.althashing.threshold=512 -XX:StringTableSize=4072 --add-opens=java.base/java.nio=ALL-UNNAMED --add-opens=java.desktop/sun.swing=ALL-UNNAMED --add-opens=java.desktop/javax.swing=ALL-UNNAMED --add-opens=java.desktop/javax.swing.tree=ALL-UNNAMED --add-opens=java.desktop/javax.swing.plaf.basic=ALL-UNNAMED --add-opens=java.desktop/javax.swing.plaf.synth=ALL-UNNAMED --add-opens=java.desktop/com.sun.awt=ALL-UNNAMED -XX:NewSize=60m -XX:MaxNewSize=60m -Xms128m -Xmx3072m -Xss5m 

Host: AMD Ryzen 7 7730U with Radeon Graphics         , 16 cores, 13G,  Windows 10 , 64 bit Build 19041 (10.0.19041.3636)
Time: Fri May 17 21:45:22 2024 ¢¥eCN©öI¡¾©ö C¡ÍA¨ª¨öA elapsed time: 16769 seconds (0d 4h 39m 29s)

---------------  T H R E A D  ---------------

Current thread (0x000002213b992800):  JavaThread "AWT-EventQueue-1" [_thread_in_native, id=28736, stack(0x000000a56b700000,0x000000a56bc00000)]

Stack: [0x000000a56b700000,0x000000a56bc00000],  sp=0x000000a56bbf7850,  free space=5086k
Native frames: (J=compiled Java code, j=interpreted, Vv=VM code, C=native code)
C  [librdi_filemgmt.dll+0x258a56]
C  [librdi_filemgmt.dll+0x257122]
C  [librdi_filemgmt.dll+0x26c6d8]
C  0x000002212aadd652

Java frames: (J=compiled Java code, j=interpreted, Vv=VM code)
J 18158  ui.data.srcscan.srcscani.EditorAssist_createFoldInfoIter(JLjava/lang/String;)J (0 bytes) @ 0x000002212aadd5b5 [0x000002212aadd560+0x0000000000000055]
J 19445 c1 ui.data.m.a.c.a(Ljava/net/URI;)V (186 bytes) @ 0x000002212348a19c [0x0000022123489600+0x0000000000000b9c]
J 22413 c1 ui.views.V.a.ab.agK(Ljava/lang/String;)V (39 bytes) @ 0x000002212460542c [0x0000022124604800+0x0000000000000c2c]
J 22425 c1 ui.views.V.a.ab.hdH()V (47 bytes) @ 0x0000022123d82f7c [0x0000022123d827c0+0x00000000000007bc]
J 19435 c1 ui.views.V.a.al.finished()V (81 bytes) @ 0x00000221233f87dc [0x00000221233f8600+0x00000000000001dc]
J 23118 c2 ui.frmwork.z.run()V (15 bytes) @ 0x000002212a4443ec [0x000002212a444180+0x000000000000026c]
J 14720 c2 java.awt.EventQueue$3.run()Ljava/lang/Object; java.desktop@9.0.4 (5 bytes) @ 0x000002212a6d8304 [0x000002212a6d8200+0x0000000000000104]
v  ~StubRoutines::call_stub
J 4263  java.security.AccessController.doPrivileged(Ljava/security/PrivilegedAction;Ljava/security/AccessControlContext;)Ljava/lang/Object; java.base@9.0.4 (0 bytes) @ 0x0000022129d848c6 [0x0000022129d84860+0x0000000000000066]
J 23147 c2 ui.frmwork.b.d.dispatchEvent(Ljava/awt/AWTEvent;)V (34 bytes) @ 0x000002212a002958 [0x000002212a002360+0x00000000000005f8]
J 28855 c2 java.awt.EventDispatchThread.pumpOneEventForFilters(I)V java.desktop@9.0.4 (218 bytes) @ 0x000002212b67d25c [0x000002212b67cf00+0x000000000000035c]
J 27539 c2 java.awt.EventDispatchThread.pumpEventsForFilter(ILjava/awt/Conditional;Ljava/awt/EventFilter;)V java.desktop@9.0.4 (47 bytes) @ 0x000002212a96048c [0x000002212a9602e0+0x00000000000001ac]
j  java.awt.EventDispatchThread.pumpEventsForFilter(Ljava/awt/Conditional;Ljava/awt/EventFilter;)V+4 java.desktop@9.0.4
j  java.awt.WaitDispatchSupport$2.run()V+59 java.desktop@9.0.4
j  java.awt.WaitDispatchSupport$4.run()Ljava/lang/Void;+4 java.desktop@9.0.4
j  java.awt.WaitDispatchSupport$4.run()Ljava/lang/Object;+1 java.desktop@9.0.4
v  ~StubRoutines::call_stub
J 1166  java.security.AccessController.doPrivileged(Ljava/security/PrivilegedAction;)Ljava/lang/Object; java.base@9.0.4 (0 bytes) @ 0x0000022129b5a332 [0x0000022129b5a2e0+0x0000000000000052]
j  java.awt.WaitDispatchSupport.enter()Z+260 java.desktop@9.0.4
j  java.awt.Dialog.show()V+225 java.desktop@9.0.4
J 24137 c1 java.awt.Dialog.setVisible(Z)V java.desktop@9.0.4 (6 bytes) @ 0x0000022122ee7804 [0x0000022122ee75a0+0x0000000000000264]
j  ui.utils.p.G.setVisible(Z)V+2
j  ui.utils.p.A.showOptionDialog(Ljava/awt/Component;Ljava/lang/Object;Ljava/lang/String;IILjavax/swing/Icon;[Ljava/lang/Object;Ljava/lang/Object;)I+601
j  ui.utils.p.A.a(Ljava/awt/Component;Ljava/lang/String;Ljava/lang/String;II)I+31
j  ui.b.G.c.b.b.dVd()Z+383
j  ui.b.G.c.b.b.dVe()Lui/data/design/C;+5
j  ui.b.K.cC.cRj()Z+71
j  ui.b.K.I.dWn()Z+33
j  ui.b.K.I.actionPerformed(Ljava/awt/event/ActionEvent;)V+27
J 31699 c1 javax.swing.AbstractButton.fireActionPerformed(Ljava/awt/event/ActionEvent;)V java.desktop@9.0.4 (96 bytes) @ 0x0000022123e78eac [0x0000022123e78640+0x000000000000086c]
j  ui.utils.p.b.a.fireActionPerformed(Ljava/awt/event/ActionEvent;)V+7
J 31698 c1 javax.swing.AbstractButton$Handler.actionPerformed(Ljava/awt/event/ActionEvent;)V java.desktop@9.0.4 (9 bytes) @ 0x000002212386fc44 [0x000002212386fb40+0x0000000000000104]
J 31874 c1 javax.swing.DefaultButtonModel.fireActionPerformed(Ljava/awt/event/ActionEvent;)V java.desktop@9.0.4 (46 bytes) @ 0x0000022123c8a694 [0x0000022123c8a3e0+0x00000000000002b4]
J 24478 c1 javax.swing.DefaultButtonModel.setPressed(Z)V java.desktop@9.0.4 (125 bytes) @ 0x00000221233434c4 [0x0000022123342600+0x0000000000000ec4]
J 31701 c1 javax.swing.plaf.basic.BasicButtonListener.mouseReleased(Ljava/awt/event/MouseEvent;)V java.desktop@9.0.4 (48 bytes) @ 0x0000022123bf23ac [0x0000022123bf1f80+0x000000000000042c]
J 23289 c2 java.awt.AWTEventMulticaster.mouseReleased(Ljava/awt/event/MouseEvent;)V java.desktop@9.0.4 (27 bytes) @ 0x000002212a4225b4 [0x000002212a422540+0x0000000000000074]
J 29048 c2 javax.swing.JComponent.processMouseEvent(Ljava/awt/event/MouseEvent;)V java.desktop@9.0.4 (27 bytes) @ 0x000002212b6d898c [0x000002212b6d87a0+0x00000000000001ec]
J 24621 c2 java.awt.Container.processEvent(Ljava/awt/AWTEvent;)V java.desktop@9.0.4 (22 bytes) @ 0x000002212b2e2cb8 [0x000002212b2e2b20+0x0000000000000198]
J 32396 c2 java.awt.Component.dispatchEventImpl(Ljava/awt/AWTEvent;)V java.desktop@9.0.4 (739 bytes) @ 0x000002212bab2390 [0x000002212bab19c0+0x00000000000009d0]
J 28901 c2 java.awt.Container.dispatchEventImpl(Ljava/awt/AWTEvent;)V java.desktop@9.0.4 (129 bytes) @ 0x000002212b6928c8 [0x000002212b6925a0+0x0000000000000328]
J 28792 c2 java.awt.LightweightDispatcher.retargetMouseEvent(Ljava/awt/Component;ILjava/awt/event/MouseEvent;)V java.desktop@9.0.4 (350 bytes) @ 0x000002212b2eafec [0x000002212b2eaa60+0x000000000000058c]
J 24936 c2 java.awt.LightweightDispatcher.processMouseEvent(Ljava/awt/event/MouseEvent;)Z java.desktop@9.0.4 (265 bytes) @ 0x000002212b0ebf9c [0x000002212b0eb820+0x000000000000077c]
J 28901 c2 java.awt.Container.dispatchEventImpl(Ljava/awt/AWTEvent;)V java.desktop@9.0.4 (129 bytes) @ 0x000002212b692adc [0x000002212b6925a0+0x000000000000053c]
J 17324 c2 java.awt.Window.dispatchEventImpl(Ljava/awt/AWTEvent;)V java.desktop@9.0.4 (23 bytes) @ 0x000002212a96980c [0x000002212a9697c0+0x000000000000004c]
J 14720 c2 java.awt.EventQueue$3.run()Ljava/lang/Object; java.desktop@9.0.4 (5 bytes) @ 0x000002212a6d83bc [0x000002212a6d8200+0x00000000000001bc]
v  ~StubRoutines::call_stub
J 4263  java.security.AccessController.doPrivileged(Ljava/security/PrivilegedAction;Ljava/security/AccessControlContext;)Ljava/lang/Object; java.base@9.0.4 (0 bytes) @ 0x0000022129d848c6 [0x0000022129d84860+0x0000000000000066]
J 16477 c2 java.awt.EventQueue$4.run()Ljava/lang/Object; java.desktop@9.0.4 (5 bytes) @ 0x000002212a6f6ab0 [0x000002212a6f6860+0x0000000000000250]
v  ~StubRoutines::call_stub
J 4263  java.security.AccessController.doPrivileged(Ljava/security/PrivilegedAction;Ljava/security/AccessControlContext;)Ljava/lang/Object; java.base@9.0.4 (0 bytes) @ 0x0000022129d848c6 [0x0000022129d84860+0x0000000000000066]
J 23147 c2 ui.frmwork.b.d.dispatchEvent(Ljava/awt/AWTEvent;)V (34 bytes) @ 0x000002212a00277c [0x000002212a002360+0x000000000000041c]
J 28855 c2 java.awt.EventDispatchThread.pumpOneEventForFilters(I)V java.desktop@9.0.4 (218 bytes) @ 0x000002212b67d25c [0x000002212b67cf00+0x000000000000035c]
J 19777% c2 java.awt.EventDispatchThread.pumpEventsForFilter(ILjava/awt/Conditional;Ljava/awt/EventFilter;)V java.desktop@9.0.4 (47 bytes) @ 0x000002212ad333c0 [0x000002212ad332c0+0x0000000000000100]
j  java.awt.EventDispatchThread.pumpEventsForHierarchy(ILjava/awt/Conditional;Ljava/awt/Component;)V+11 java.desktop@9.0.4
j  java.awt.EventDispatchThread.pumpEvents(ILjava/awt/Conditional;)V+4 java.desktop@9.0.4
j  java.awt.EventDispatchThread.pumpEvents(Ljava/awt/Conditional;)V+3 java.desktop@9.0.4
j  java.awt.EventDispatchThread.run()V+9 java.desktop@9.0.4
v  ~StubRoutines::call_stub

siginfo: EXCEPTION_ACCESS_VIOLATION (0xc0000005), reading address 0x0000017200000144


Register to memory mapping:

RIP=0x00007ffe20ea8a56 librdi_filemgmt.dll
RAX=0x0000000000000001 is an unknown value
RBX=0x000002214ee32578 is an unknown value
RCX=0x000002210ca10000 is an unknown value
RDX=0x0000017200000144 is an unknown value
RSP=0x000000a56bbf7850 is pointing into the stack for thread: 0x000002213b992800
RBP=0x000000a56bbf79b0 is pointing into the stack for thread: 0x000002213b992800
RSI=0x0000000000000000 is an unknown value
RDI=0x0000022143511060 is an unknown value
R8 =0x000002210c9aec40 is an unknown value
R9 =0x0000000000000001 is an unknown value
R10=0x0000000000008000 is an unknown value
R11=0x000000a56bbf77b0 is pointing into the stack for thread: 0x000002213b992800
R12=0x000002214d6ac2f0 is an unknown value
R13=0x0000000000000000 is an unknown value
R14=0x0000000000000000 is an unknown value
R15=0x000000a56bbf7a88 is pointing into the stack for thread: 0x000002213b992800


Registers:
RAX=0x0000000000000001, RBX=0x000002214ee32578, RCX=0x000002210ca10000, RDX=0x0000017200000144
RSP=0x000000a56bbf7850, RBP=0x000000a56bbf79b0, RSI=0x0000000000000000, RDI=0x0000022143511060
R8 =0x000002210c9aec40, R9 =0x0000000000000001, R10=0x0000000000008000, R11=0x000000a56bbf77b0
R12=0x000002214d6ac2f0, R13=0x0000000000000000, R14=0x0000000000000000, R15=0x000000a56bbf7a88
RIP=0x00007ffe20ea8a56, EFLAGS=0x0000000000010287

Top of Stack: (sp=0x000000a56bbf7850)
0x000000a56bbf7850:   000002214ee32570 0000000000000000
0x000000a56bbf7860:   000002214ee32570 0000000000000041
0x000000a56bbf7870:   fffffffffffffffe 0000022142b57e00
0x000000a56bbf7880:   00000221538bf310 0000000000000000
0x000000a56bbf7890:   000000000000000f 0000022142b57e00
0x000000a56bbf78a0:   000000a56bbf7ac0 0000000000000000
0x000000a56bbf78b0:   000000000000000f 0000e39a9e84935b
0x000000a56bbf78c0:   0000000000000041 000002214d6ac2f0
0x000000a56bbf78d0:   000000a56bbf79b0 00007ffe20ea7122
0x000000a56bbf78e0:   0000b454359a6851 0000000000000000
0x000000a56bbf78f0:   0000000000000041 0000022143511060
0x000000a56bbf7900:   0000000000000041 000002213b992a18
0x000000a56bbf7910:   000002213b992a18 00000221538bf310
0x000000a56bbf7920:   000000a56bbf7ac0 00007ffe20ebc6d8
0x000000a56bbf7930:   0000000000000041 0000000000000041
0x000000a56bbf7940:   00000221538bf310 000000a56bbf7990 

Instructions: (pc=0x00007ffe20ea8a56)
0x00007ffe20ea8a36:   66 66 0f 1f 84 00 00 00 00 00 48 8b 13 48 c7 44
0x00007ffe20ea8a46:   24 40 0f 00 00 00 4c 89 74 24 38 c6 44 24 28 00
0x00007ffe20ea8a56:   80 3a 00 75 05 4d 8b c6 eb 0e 49 83 c8 ff 49 ff
0x00007ffe20ea8a66:   c0 42 80 3c 02 00 75 f6 48 8d 4c 24 28 e8 48 dc 



---------------  P R O C E S S  ---------------

Java Threads: ( => current thread )
  0x0000022151ec4800 JavaThread "Code Inspector Thread" [_thread_in_native, id=15260, stack(0x000000a574800000,0x000000a574d00000)]
  0x000002213dfdd800 JavaThread "Code Inspector Thread" [_thread_in_native, id=29252, stack(0x000000a573400000,0x000000a573900000)]
  0x000002213dfd5800 JavaThread "Image Fetcher 0" daemon [_thread_blocked, id=22620, stack(0x000000a570700000,0x000000a570c00000)]
  0x000002214f07e800 JavaThread "Monitor File Timestamp Swing Worker Thread" [_thread_blocked, id=26436, stack(0x000000a572000000,0x000000a572500000)]
  0x000002214f07f800 JavaThread "Timer-18" [_thread_blocked, id=13696, stack(0x000000a571b00000,0x000000a572000000)]
  0x000002213dfd5000 JavaThread "Monitor File Timestamp Swing Worker Thread" [_thread_blocked, id=12920, stack(0x000000a571100000,0x000000a571600000)]
  0x000002213dfd4000 JavaThread "Timer-17" [_thread_blocked, id=20652, stack(0x000000a570c00000,0x000000a571100000)]
  0x000002213dfd1000 JavaThread "SwingWorker-pool-2-thread-1" daemon [_thread_blocked, id=5752, stack(0x000000a572a00000,0x000000a572f00000)]
  0x000002213dfd6800 JavaThread "Monitor File Timestamp Swing Worker Thread" [_thread_blocked, id=23548, stack(0x000000a572500000,0x000000a572a00000)]
  0x000002213dfd7000 JavaThread "Timer-16" [_thread_blocked, id=9264, stack(0x000000a56f600000,0x000000a56fb00000)]
  0x000002214f077000 JavaThread "Monitor File Timestamp Swing Worker Thread" [_thread_blocked, id=15228, stack(0x000000a573e00000,0x000000a574300000)]
  0x000002214f07a000 JavaThread "Timer-14" [_thread_blocked, id=10724, stack(0x000000a573900000,0x000000a573e00000)]
  0x000002213dfdf800 JavaThread "Monitor File Timestamp Swing Worker Thread" [_thread_blocked, id=9752, stack(0x000000a572f00000,0x000000a573400000)]
  0x000002213dfde000 JavaThread "Timer-13" [_thread_blocked, id=7736, stack(0x000000a570200000,0x000000a570700000)]
  0x000002214f081800 JavaThread "Swing-Shell" daemon [_thread_blocked, id=16088, stack(0x000000a56a800000,0x000000a56ad00000)]
  0x000002214f085800 JavaThread "Thread-1851" [_thread_in_native, id=26036, stack(0x000000a562900000,0x000000a562a00000)]
  0x000002214f076800 JavaThread "Thread-1850" [_thread_in_native, id=10148, stack(0x000000a562a00000,0x000000a562b00000)]
  0x000002214f07d000 JavaThread "Thread-1126" [_thread_in_native, id=29372, stack(0x000000a562900000,0x000000a562a00000)]
  0x000002214f07c800 JavaThread "Thread-1125" [_thread_in_native, id=5312, stack(0x000000a56fc00000,0x000000a56fd00000)]
  0x000002214f084000 JavaThread "SyntheticaAnimation 50" daemon [_thread_blocked, id=22804, stack(0x000000a56fd00000,0x000000a570200000)]
  0x000002214f082800 JavaThread "Image Animator 0" daemon [_thread_blocked, id=6272, stack(0x000000a571600000,0x000000a571b00000)]
  0x000002214f080000 JavaThread "ForkJoinPool.commonPool-worker-25" daemon [_thread_blocked, id=19636, stack(0x000000a56e700000,0x000000a56ec00000)]
  0x000002214f078800 JavaThread "SyntheticaAnimation 50" daemon [_thread_blocked, id=12856, stack(0x000000a56d800000,0x000000a56dd00000)]
  0x000002214f078000 JavaThread "Update Runs Swing Worker Thread" [_thread_blocked, id=12396, stack(0x000000a56f100000,0x000000a56f600000)]
  0x000002211458b000 JavaThread "hw_ila_monitor" [_thread_blocked, id=23620, stack(0x000000a56bc00000,0x000000a56c100000)]
  0x000002211458c800 JavaThread "Refresh Filesets Swing Worker Thread" [_thread_blocked, id=10648, stack(0x000000a56e200000,0x000000a56e700000)]
  0x000002211458c000 JavaThread "SyntheticaAnimation 70" daemon [_thread_blocked, id=12820, stack(0x000000a56dd00000,0x000000a56e200000)]
  0x0000022114589000 JavaThread "SyntheticaAnimation 25" daemon [_thread_blocked, id=22032, stack(0x000000a56d300000,0x000000a56d800000)]
  0x0000022114588000 JavaThread "SyntheticaAnimation 50" daemon [_thread_blocked, id=11028, stack(0x000000a56ce00000,0x000000a56d300000)]
  0x000002211458a800 JavaThread "Monitor HEventQueue Thread" [_thread_blocked, id=25372, stack(0x000000a56c900000,0x000000a56ce00000)]
  0x0000022114587800 JavaThread "SyntheticaCleanerThread" daemon [_thread_blocked, id=29100, stack(0x000000a56c100000,0x000000a56c600000)]
  0x000002211458e000 JavaThread "Batik CleanerThread" daemon [_thread_blocked, id=29316, stack(0x000000a56ad00000,0x000000a56b200000)]
=>0x000002213b992800 JavaThread "AWT-EventQueue-1" [_thread_in_native, id=28736, stack(0x000000a56b700000,0x000000a56bc00000)]
  0x000002213b9f6800 JavaThread "Process Messages Thread" [_thread_blocked, id=14268, stack(0x000000a56b200000,0x000000a56b700000)]
  0x000002213baff000 JavaThread "Thread-1" [_thread_in_native, id=2968, stack(0x000000a562d00000,0x000000a564100000)]
  0x0000022118506000 JavaThread "TimerQueue" daemon [_thread_blocked, id=13744, stack(0x000000a56a300000,0x000000a56a800000)]
  0x00000221184c1800 JavaThread "AWT-Windows" daemon [_thread_in_native, id=27604, stack(0x000000a569e00000,0x000000a56a300000)]
  0x0000022117c9c800 JavaThread "AWT-Shutdown" [_thread_blocked, id=29544, stack(0x000000a569900000,0x000000a569e00000)]
  0x0000022117e7c000 JavaThread "Java2D Disposer" daemon [_thread_blocked, id=10676, stack(0x000000a569400000,0x000000a569900000)]
  0x0000022117cb6000 JavaThread "Service Thread" daemon [_thread_blocked, id=9200, stack(0x000000a568e00000,0x000000a569300000)]
  0x00000221145af800 JavaThread "Common-Cleaner" daemon [_thread_blocked, id=27908, stack(0x000000a568900000,0x000000a568e00000)]
  0x000002211458d800 JavaThread "Sweeper thread" daemon [_thread_blocked, id=11612, stack(0x000000a568400000,0x000000a568900000)]
  0x000002211435c000 JavaThread "C1 CompilerThread11" daemon [_thread_blocked, id=6276, stack(0x000000a568300000,0x000000a568400000)]
  0x000002211435b800 JavaThread "C1 CompilerThread10" daemon [_thread_blocked, id=11576, stack(0x000000a568200000,0x000000a568300000)]
  0x00000221176d4000 JavaThread "C1 CompilerThread9" daemon [_thread_blocked, id=3376, stack(0x000000a568100000,0x000000a568200000)]
  0x00000221176d3000 JavaThread "C1 CompilerThread8" daemon [_thread_blocked, id=3512, stack(0x000000a568000000,0x000000a568100000)]
  0x00000221176d2800 JavaThread "C2 CompilerThread7" daemon [_thread_blocked, id=20788, stack(0x000000a567f00000,0x000000a568000000)]
  0x0000022117984800 JavaThread "C2 CompilerThread6" daemon [_thread_blocked, id=14020, stack(0x000000a567e00000,0x000000a567f00000)]
  0x0000022117983800 JavaThread "C2 CompilerThread5" daemon [_thread_blocked, id=16880, stack(0x000000a567d00000,0x000000a567e00000)]
  0x0000022117983000 JavaThread "C2 CompilerThread4" daemon [_thread_blocked, id=4308, stack(0x000000a567c00000,0x000000a567d00000)]
  0x0000022117982000 JavaThread "C2 CompilerThread3" daemon [_thread_blocked, id=30060, stack(0x000000a567b00000,0x000000a567c00000)]
  0x0000022117981800 JavaThread "C2 CompilerThread2" daemon [_thread_blocked, id=30112, stack(0x000000a567a00000,0x000000a567b00000)]
  0x0000022117865000 JavaThread "C2 CompilerThread1" daemon [_thread_blocked, id=25576, stack(0x000000a567900000,0x000000a567a00000)]
  0x0000022117864000 JavaThread "C2 CompilerThread0" daemon [_thread_blocked, id=19644, stack(0x000000a567800000,0x000000a567900000)]
  0x0000022117863800 JavaThread "Attach Listener" daemon [_thread_blocked, id=18748, stack(0x000000a567300000,0x000000a567800000)]
  0x0000022117862800 JavaThread "Signal Dispatcher" daemon [_thread_blocked, id=18472, stack(0x000000a566e00000,0x000000a567300000)]
  0x00000221110b2000 JavaThread "Finalizer" daemon [_thread_blocked, id=24752, stack(0x000000a566900000,0x000000a566e00000)]
  0x00000221110b1800 JavaThread "Reference Handler" daemon [_thread_blocked, id=3680, stack(0x000000a566400000,0x000000a566900000)]
  0x000002211a9d7800 JavaThread "main" [_thread_blocked, id=21532, stack(0x000000a562c00000,0x000000a562d00000)]

Other Threads:
  0x0000022116d48800 VMThread "VM Thread" [stack: 0x000000a566300000,0x000000a566400000] [id=22216]
  0x0000022117b1e000 WatcherThread [stack: 0x000000a569300000,0x000000a569400000] [id=15944]
  0x00000221120f1000 GCTaskThread "GC Thread#0" [stack: 0x000000a564400000,0x000000a564500000] [id=22444]
  0x0000022114e6e800 GCTaskThread "GC Thread#1" [stack: 0x000000a564500000,0x000000a564600000] [id=15504]
  0x0000022114e6f800 GCTaskThread "GC Thread#2" [stack: 0x000000a564600000,0x000000a564700000] [id=6256]
  0x0000022114e70000 GCTaskThread "GC Thread#3" [stack: 0x000000a564700000,0x000000a564800000] [id=2548]
  0x0000022114e6b800 GCTaskThread "GC Thread#4" [stack: 0x000000a564800000,0x000000a564900000] [id=14216]
  0x0000022114e6d800 GCTaskThread "GC Thread#5" [stack: 0x000000a564900000,0x000000a564a00000] [id=15128]
  0x0000022114e6e000 GCTaskThread "GC Thread#6" [stack: 0x000000a564a00000,0x000000a564b00000] [id=7300]
  0x0000022114e70800 GCTaskThread "GC Thread#7" [stack: 0x000000a564b00000,0x000000a564c00000] [id=17660]
  0x0000022114e71000 GCTaskThread "GC Thread#8" [stack: 0x000000a564c00000,0x000000a564d00000] [id=22784]
  0x0000022114e6a800 GCTaskThread "GC Thread#9" [stack: 0x000000a564d00000,0x000000a564e00000] [id=22864]
  0x0000022114e6b000 GCTaskThread "GC Thread#10" [stack: 0x000000a564e00000,0x000000a564f00000] [id=16048]
  0x0000022114e6d000 GCTaskThread "GC Thread#11" [stack: 0x000000a564f00000,0x000000a565000000] [id=10604]
  0x0000022114e6c000 GCTaskThread "GC Thread#12" [stack: 0x000000a565000000,0x000000a565100000] [id=7728]
  0x000002211b162800 ConcurrentGCThread "G1 Main Marker" [stack: 0x000000a565f00000,0x000000a566000000] [id=20780]
  0x0000022115aa5800 ConcurrentGCThread "G1 Marker#0" [stack: 0x000000a566000000,0x000000a566100000] [id=11704]
  0x0000022115aa5000 ConcurrentGCThread "G1 Marker#1" [stack: 0x000000a566100000,0x000000a566200000] [id=12060]
  0x0000022115a9f800 ConcurrentGCThread "G1 Marker#2" [stack: 0x000000a566200000,0x000000a566300000] [id=29148]
  0x0000022117b15000 ConcurrentGCThread "G1 Refine#0" [stack: 0x000000a565d00000,0x000000a565e00000] [id=20408]
  0x000002211b407800 ConcurrentGCThread "G1 Refine#1" [stack: 0x000000a565c00000,0x000000a565d00000] [id=12648]
  0x000002211b407000 ConcurrentGCThread "G1 Refine#2" [stack: 0x000000a565b00000,0x000000a565c00000] [id=18128]
  0x000002211b406800 ConcurrentGCThread "G1 Refine#3" [stack: 0x000000a565a00000,0x000000a565b00000] [id=380]
  0x0000022114e99800 ConcurrentGCThread "G1 Refine#4" [stack: 0x000000a565900000,0x000000a565a00000] [id=21356]
  0x0000022114e99000 ConcurrentGCThread "G1 Refine#5" [stack: 0x000000a565800000,0x000000a565900000] [id=7444]
  0x0000022114e98800 ConcurrentGCThread "G1 Refine#6" [stack: 0x000000a565700000,0x000000a565800000] [id=15144]
  0x0000022114e76800 ConcurrentGCThread "G1 Refine#7" [stack: 0x000000a565600000,0x000000a565700000] [id=25172]
  0x0000022117ab4800 ConcurrentGCThread "G1 Refine#8" [stack: 0x000000a565500000,0x000000a565600000] [id=29228]
  0x0000022117ab3000 ConcurrentGCThread "G1 Refine#9" [stack: 0x000000a565400000,0x000000a565500000] [id=19428]
  0x0000022117a88800 ConcurrentGCThread "G1 Refine#10" [stack: 0x000000a565300000,0x000000a565400000] [id=29824]
  0x0000022117a87800 ConcurrentGCThread "G1 Refine#11" [stack: 0x000000a565200000,0x000000a565300000] [id=9236]
  0x0000022115813800 ConcurrentGCThread "G1 Refine#12" [stack: 0x000000a565100000,0x000000a565200000] [id=7556]
  0x0000022117b15800 ConcurrentGCThread "G1 Young RemSet Sampling" [stack: 0x000000a565e00000,0x000000a565f00000] [id=2612]

Threads with active compile tasks:

VM state:not at safepoint (normal execution)

VM Mutex/Monitor currently owned by a thread: None

Heap address: 0x0000000700000000, size: 3072 MB, Compressed Oops mode: Zero based, Oop shift amount: 3
Narrow klass base: 0x0000000000000000, Narrow klass shift: 3
Compressed class space size: 1073741824 Address: 0x00000007c0000000

Heap:
 garbage-first heap   total 310272K, used 164288K [0x0000000700000000, 0x0000000700100978, 0x00000007c0000000)
  region size 1024K, 54 young (55296K), 2 survivors (2048K)
 Metaspace       used 94378K, capacity 96815K, committed 102400K, reserved 1136640K
  class space    used 12888K, capacity 13392K, committed 14592K, reserved 1048576K
Heap Regions: E=young(eden), S=young(survivor), O=old, HS=humongous(starts), HC=humongous(continues), CS=collection set, F=free, A=archive, TS=gc time stamp, AC=allocation context, TAMS=top-at-mark-start (previous, next)
|   0|0x0000000700000000, 0x00000007000fd300, 0x0000000700100000| 98%| O|  |TS  0|AC  0|TAMS 0x0000000700000000, 0x0000000700000000|
|   1|0x0000000700100000, 0x00000007001f1c60, 0x0000000700200000| 94%| O|  |TS  0|AC  0|TAMS 0x0000000700100000, 0x0000000700100000|
|   2|0x0000000700200000, 0x00000007002d55f8, 0x0000000700300000| 83%| O|  |TS  0|AC  0|TAMS 0x0000000700200000, 0x0000000700200000|
|   3|0x0000000700300000, 0x00000007003fc268, 0x0000000700400000| 98%| O|  |TS  0|AC  0|TAMS 0x0000000700300000, 0x0000000700300000|
|   4|0x0000000700400000, 0x0000000700500000, 0x0000000700500000|100%|HS|  |TS  0|AC  0|TAMS 0x0000000700400000, 0x0000000700400000|
|   5|0x0000000700500000, 0x0000000700600000, 0x0000000700600000|100%|HC|  |TS  0|AC  0|TAMS 0x0000000700500000, 0x0000000700500000|
|   6|0x0000000700600000, 0x0000000700700000, 0x0000000700700000|100%|HS|  |TS  0|AC  0|TAMS 0x0000000700600000, 0x0000000700600000|
|   7|0x0000000700700000, 0x00000007007fc100, 0x0000000700800000| 98%| O|  |TS  0|AC  0|TAMS 0x0000000700700000, 0x0000000700700000|
|   8|0x0000000700800000, 0x00000007008e19b0, 0x0000000700900000| 88%| O|  |TS  0|AC  0|TAMS 0x0000000700800000, 0x0000000700800000|
|   9|0x0000000700900000, 0x00000007009efac0, 0x0000000700a00000| 93%| O|  |TS  0|AC  0|TAMS 0x0000000700900000, 0x0000000700900000|
|  10|0x0000000700a00000, 0x0000000700b00000, 0x0000000700b00000|100%| O|  |TS  0|AC  0|TAMS 0x0000000700a00000, 0x0000000700a00000|
|  11|0x0000000700b00000, 0x0000000700bffff8, 0x0000000700c00000| 99%| O|  |TS  0|AC  0|TAMS 0x0000000700b00000, 0x0000000700b00000|
|  12|0x0000000700c00000, 0x0000000700cffff0, 0x0000000700d00000| 99%| O|  |TS  0|AC  0|TAMS 0x0000000700c00000, 0x0000000700c00000|
|  13|0x0000000700d00000, 0x0000000700e00000, 0x0000000700e00000|100%| O|  |TS  0|AC  0|TAMS 0x0000000700d00000, 0x0000000700d00000|
|  14|0x0000000700e00000, 0x0000000700f00000, 0x0000000700f00000|100%| O|  |TS  0|AC  0|TAMS 0x0000000700e00000, 0x0000000700e00000|
|  15|0x0000000700f00000, 0x0000000700fd8d20, 0x0000000701000000| 84%| O|  |TS  0|AC  0|TAMS 0x0000000700f00000, 0x0000000700f00000|
|  16|0x0000000701000000, 0x00000007010fa450, 0x0000000701100000| 97%| O|  |TS  0|AC  0|TAMS 0x0000000701000000, 0x0000000701000000|
|  17|0x0000000701100000, 0x00000007011fffe8, 0x0000000701200000| 99%| O|  |TS  0|AC  0|TAMS 0x0000000701100000, 0x0000000701100000|
|  18|0x0000000701200000, 0x0000000701300000, 0x0000000701300000|100%| O|  |TS  0|AC  0|TAMS 0x0000000701200000, 0x0000000701200000|
|  19|0x0000000701300000, 0x0000000701400000, 0x0000000701400000|100%| O|  |TS  0|AC  0|TAMS 0x0000000701300000, 0x0000000701300000|
|  20|0x0000000701400000, 0x00000007014ffe98, 0x0000000701500000| 99%| O|  |TS  0|AC  0|TAMS 0x0000000701400000, 0x0000000701400000|
|  21|0x0000000701500000, 0x0000000701600000, 0x0000000701600000|100%|HS|  |TS  0|AC  0|TAMS 0x0000000701500000, 0x0000000701500000|
|  22|0x0000000701600000, 0x0000000701700000, 0x0000000701700000|100%|HC|  |TS  0|AC  0|TAMS 0x0000000701600000, 0x0000000701600000|
|  23|0x0000000701700000, 0x00000007017ffff8, 0x0000000701800000| 99%| O|  |TS  0|AC  0|TAMS 0x0000000701700000, 0x0000000701700000|
|  24|0x0000000701800000, 0x00000007018fe078, 0x0000000701900000| 99%| O|  |TS  0|AC  0|TAMS 0x0000000701800000, 0x0000000701800000|
|  25|0x0000000701900000, 0x00000007019ffb80, 0x0000000701a00000| 99%| O|  |TS  0|AC  0|TAMS 0x0000000701900000, 0x0000000701900000|
|  26|0x0000000701a00000, 0x0000000701afdcc0, 0x0000000701b00000| 99%| O|  |TS  0|AC  0|TAMS 0x0000000701a00000, 0x0000000701a00000|
|  27|0x0000000701b00000, 0x0000000701bfffe8, 0x0000000701c00000| 99%| O|  |TS  0|AC  0|TAMS 0x0000000701b00000, 0x0000000701b00000|
|  28|0x0000000701c00000, 0x0000000701cffff0, 0x0000000701d00000| 99%| O|  |TS  0|AC  0|TAMS 0x0000000701c00000, 0x0000000701c00000|
|  29|0x0000000701d00000, 0x0000000701dffff8, 0x0000000701e00000| 99%| O|  |TS  0|AC  0|TAMS 0x0000000701d00000, 0x0000000701d00000|
|  30|0x0000000701e00000, 0x0000000701efffe8, 0x0000000701f00000| 99%| O|  |TS  0|AC  0|TAMS 0x0000000701e00000, 0x0000000701e00000|
|  31|0x0000000701f00000, 0x0000000702000000, 0x0000000702000000|100%| O|  |TS  0|AC  0|TAMS 0x0000000701f00000, 0x0000000701f00000|
|  32|0x0000000702000000, 0x00000007020fffc0, 0x0000000702100000| 99%| O|  |TS  0|AC  0|TAMS 0x0000000702000000, 0x0000000702000000|
|  33|0x0000000702100000, 0x00000007021fff78, 0x0000000702200000| 99%| O|  |TS  0|AC  0|TAMS 0x0000000702100000, 0x0000000702100000|
|  34|0x0000000702200000, 0x0000000702300000, 0x0000000702300000|100%| O|  |TS  0|AC  0|TAMS 0x0000000702200000, 0x0000000702200000|
|  35|0x0000000702300000, 0x00000007023ffff8, 0x0000000702400000| 99%| O|  |TS  0|AC  0|TAMS 0x0000000702300000, 0x0000000702300000|
|  36|0x0000000702400000, 0x00000007024fff20, 0x0000000702500000| 99%| O|  |TS  0|AC  0|TAMS 0x0000000702400000, 0x0000000702400000|
|  37|0x0000000702500000, 0x0000000702600000, 0x0000000702600000|100%| O|  |TS  0|AC  0|TAMS 0x0000000702500000, 0x0000000702500000|
|  38|0x0000000702600000, 0x00000007026fe0c8, 0x0000000702700000| 99%| O|  |TS  0|AC  0|TAMS 0x0000000702600000, 0x0000000702600000|
|  39|0x0000000702700000, 0x00000007027fffb8, 0x0000000702800000| 99%| O|  |TS  0|AC  0|TAMS 0x0000000702700000, 0x0000000702700000|
|  40|0x0000000702800000, 0x00000007028ffff0, 0x0000000702900000| 99%| O|  |TS  0|AC  0|TAMS 0x0000000702800000, 0x0000000702800000|
|  41|0x0000000702900000, 0x0000000702a00000, 0x0000000702a00000|100%| O|  |TS  0|AC  0|TAMS 0x0000000702900000, 0x0000000702900000|
|  42|0x0000000702a00000, 0x0000000702b00000, 0x0000000702b00000|100%| O|  |TS  0|AC  0|TAMS 0x0000000702a00000, 0x0000000702a00000|
|  43|0x0000000702b00000, 0x0000000702bfffd0, 0x0000000702c00000| 99%| O|  |TS  0|AC  0|TAMS 0x0000000702b00000, 0x0000000702b00000|
|  44|0x0000000702c00000, 0x0000000702cfffc0, 0x0000000702d00000| 99%| O|  |TS  0|AC  0|TAMS 0x0000000702c00000, 0x0000000702c00000|
|  45|0x0000000702d00000, 0x0000000702e00000, 0x0000000702e00000|100%| O|  |TS  0|AC  0|TAMS 0x0000000702d00000, 0x0000000702d00000|
|  46|0x0000000702e00000, 0x0000000702effff0, 0x0000000702f00000| 99%| O|  |TS  0|AC  0|TAMS 0x0000000702e00000, 0x0000000702e00000|
|  47|0x0000000702f00000, 0x0000000702fffea8, 0x0000000703000000| 99%| O|  |TS  0|AC  0|TAMS 0x0000000702f00000, 0x0000000702f00000|
|  48|0x0000000703000000, 0x0000000703100000, 0x0000000703100000|100%|HS|  |TS  0|AC  0|TAMS 0x0000000703000000, 0x0000000703000000|
|  49|0x0000000703100000, 0x00000007031ffff8, 0x0000000703200000| 99%| O|  |TS  0|AC  0|TAMS 0x0000000703100000, 0x0000000703100000|
|  50|0x0000000703200000, 0x00000007032ffff0, 0x0000000703300000| 99%| O|  |TS  0|AC  0|TAMS 0x0000000703200000, 0x0000000703200000|
|  51|0x0000000703300000, 0x00000007033fffd8, 0x0000000703400000| 99%| O|  |TS  0|AC  0|TAMS 0x0000000703300000, 0x0000000703300000|
|  52|0x0000000703400000, 0x00000007034ff6f0, 0x0000000703500000| 99%| O|  |TS  0|AC  0|TAMS 0x0000000703400000, 0x0000000703400000|
|  53|0x0000000703500000, 0x00000007035fffd8, 0x0000000703600000| 99%| O|  |TS  0|AC  0|TAMS 0x0000000703500000, 0x0000000703500000|
|  54|0x0000000703600000, 0x00000007036ffff0, 0x0000000703700000| 99%| O|  |TS  0|AC  0|TAMS 0x0000000703600000, 0x0000000703600000|
|  55|0x0000000703700000, 0x00000007037fffe8, 0x0000000703800000| 99%| O|  |TS  0|AC  0|TAMS 0x0000000703700000, 0x0000000703700000|
|  56|0x0000000703800000, 0x00000007038fffd8, 0x0000000703900000| 99%| O|  |TS  0|AC  0|TAMS 0x0000000703800000, 0x0000000703800000|
|  57|0x0000000703900000, 0x00000007039ffff8, 0x0000000703a00000| 99%| O|  |TS  0|AC  0|TAMS 0x0000000703900000, 0x0000000703900000|
|  58|0x0000000703a00000, 0x0000000703afffc0, 0x0000000703b00000| 99%| O|  |TS  0|AC  0|TAMS 0x0000000703a00000, 0x0000000703a00000|
|  59|0x0000000703b00000, 0x0000000703bffff8, 0x0000000703c00000| 99%| O|  |TS  0|AC  0|TAMS 0x0000000703b00000, 0x0000000703b00000|
|  60|0x0000000703c00000, 0x0000000703cfff98, 0x0000000703d00000| 99%| O|  |TS  0|AC  0|TAMS 0x0000000703c00000, 0x0000000703c00000|
|  61|0x0000000703d00000, 0x0000000703e00000, 0x0000000703e00000|100%|HS|  |TS  0|AC  0|TAMS 0x0000000703d00000, 0x0000000703d00000|
|  62|0x0000000703e00000, 0x0000000703f00000, 0x0000000703f00000|100%| O|  |TS  0|AC  0|TAMS 0x0000000703e00000, 0x0000000703e00000|
|  63|0x0000000703f00000, 0x0000000703fffff8, 0x0000000704000000| 99%| O|  |TS  0|AC  0|TAMS 0x0000000703f00000, 0x0000000703f00000|
|  64|0x0000000704000000, 0x0000000704100000, 0x0000000704100000|100%|HS|  |TS  0|AC  0|TAMS 0x0000000704000000, 0x0000000704000000|
|  65|0x0000000704100000, 0x00000007041fffd8, 0x0000000704200000| 99%| O|  |TS  0|AC  0|TAMS 0x0000000704100000, 0x0000000704100000|
|  66|0x0000000704200000, 0x00000007042fffe8, 0x0000000704300000| 99%| O|  |TS  0|AC  0|TAMS 0x0000000704200000, 0x0000000704200000|
|  67|0x0000000704300000, 0x00000007043fffe0, 0x0000000704400000| 99%| O|  |TS  0|AC  0|TAMS 0x0000000704300000, 0x0000000704300000|
|  68|0x0000000704400000, 0x00000007044ffff8, 0x0000000704500000| 99%| O|  |TS  0|AC  0|TAMS 0x0000000704400000, 0x0000000704400000|
|  69|0x0000000704500000, 0x00000007045ffff0, 0x0000000704600000| 99%| O|  |TS  0|AC  0|TAMS 0x0000000704500000, 0x0000000704500000|
|  70|0x0000000704600000, 0x0000000704700000, 0x0000000704700000|100%| O|  |TS  0|AC  0|TAMS 0x0000000704600000, 0x0000000704600000|
|  71|0x0000000704700000, 0x00000007047fffd8, 0x0000000704800000| 99%| O|  |TS  0|AC  0|TAMS 0x0000000704700000, 0x0000000704700000|
|  72|0x0000000704800000, 0x00000007048f19c0, 0x0000000704900000| 94%| O|  |TS  0|AC  0|TAMS 0x0000000704800000, 0x0000000704800000|
|  73|0x0000000704900000, 0x00000007049ffff0, 0x0000000704a00000| 99%| O|  |TS  0|AC  0|TAMS 0x0000000704900000, 0x0000000704900000|
|  74|0x0000000704a00000, 0x0000000704b00000, 0x0000000704b00000|100%| O|  |TS  0|AC  0|TAMS 0x0000000704a00000, 0x0000000704a00000|
|  75|0x0000000704b00000, 0x0000000704bffff8, 0x0000000704c00000| 99%| O|  |TS  0|AC  0|TAMS 0x0000000704b00000, 0x0000000704b00000|
|  76|0x0000000704c00000, 0x0000000704d00000, 0x0000000704d00000|100%| O|  |TS  0|AC  0|TAMS 0x0000000704c00000, 0x0000000704c00000|
|  77|0x0000000704d00000, 0x0000000704dffea8, 0x0000000704e00000| 99%| O|  |TS  0|AC  0|TAMS 0x0000000704d00000, 0x0000000704d00000|
|  78|0x0000000704e00000, 0x0000000704f00000, 0x0000000704f00000|100%| O|  |TS  0|AC  0|TAMS 0x0000000704e00000, 0x0000000704e00000|
|  79|0x0000000704f00000, 0x0000000705000000, 0x0000000705000000|100%| O|  |TS  0|AC  0|TAMS 0x0000000704f00000, 0x0000000704f00000|
|  80|0x0000000705000000, 0x0000000705100000, 0x0000000705100000|100%| O|  |TS  0|AC  0|TAMS 0x0000000705000000, 0x0000000705000000|
|  81|0x0000000705100000, 0x0000000705200000, 0x0000000705200000|100%| O|  |TS  0|AC  0|TAMS 0x0000000705100000, 0x0000000705100000|
|  82|0x0000000705200000, 0x00000007052fd4a0, 0x0000000705300000| 98%| O|  |TS  0|AC  0|TAMS 0x0000000705200000, 0x0000000705200000|
|  83|0x0000000705300000, 0x00000007053fffe8, 0x0000000705400000| 99%| O|  |TS  0|AC  0|TAMS 0x0000000705300000, 0x0000000705300000|
|  84|0x0000000705400000, 0x00000007054fffe8, 0x0000000705500000| 99%| O|  |TS  0|AC  0|TAMS 0x0000000705400000, 0x0000000705400000|
|  85|0x0000000705500000, 0x0000000705600000, 0x0000000705600000|100%|HS|  |TS  0|AC  0|TAMS 0x0000000705500000, 0x0000000705500000|
|  86|0x0000000705600000, 0x0000000705700000, 0x0000000705700000|100%|HC|  |TS  0|AC  0|TAMS 0x0000000705600000, 0x0000000705600000|
|  87|0x0000000705700000, 0x0000000705800000, 0x0000000705800000|100%|HC|  |TS  0|AC  0|TAMS 0x0000000705700000, 0x0000000705700000|
|  88|0x0000000705800000, 0x0000000705900000, 0x0000000705900000|100%|HC|  |TS  0|AC  0|TAMS 0x0000000705800000, 0x0000000705800000|
|  89|0x0000000705900000, 0x0000000705a00000, 0x0000000705a00000|100%|HC|  |TS  0|AC  0|TAMS 0x0000000705900000, 0x0000000705900000|
|  90|0x0000000705a00000, 0x0000000705b00000, 0x0000000705b00000|100%|HC|  |TS  0|AC  0|TAMS 0x0000000705a00000, 0x0000000705a00000|
|  91|0x0000000705b00000, 0x0000000705c00000, 0x0000000705c00000|100%|HC|  |TS  0|AC  0|TAMS 0x0000000705b00000, 0x0000000705b00000|
|  92|0x0000000705c00000, 0x0000000705d00000, 0x0000000705d00000|100%|HC|  |TS  0|AC  0|TAMS 0x0000000705c00000, 0x0000000705c00000|
|  93|0x0000000705d00000, 0x0000000705e00000, 0x0000000705e00000|100%|HS|  |TS  0|AC  0|TAMS 0x0000000705d00000, 0x0000000705d00000|
|  94|0x0000000705e00000, 0x0000000705e21398, 0x0000000705f00000| 12%| O|  |TS  0|AC  0|TAMS 0x0000000705e00000, 0x0000000705e00000|
|  95|0x0000000705f00000, 0x0000000705f7bc00, 0x0000000706000000| 48%| O|  |TS 45|AC  0|TAMS 0x0000000705f00000, 0x0000000705f00000|
|  96|0x0000000706000000, 0x0000000706000000, 0x0000000706100000|  0%| F|  |TS 39|AC  0|TAMS 0x0000000706000000, 0x0000000706000000|
|  97|0x0000000706100000, 0x0000000706100000, 0x0000000706200000|  0%| F|  |TS 39|AC  0|TAMS 0x0000000706100000, 0x0000000706100000|
|  98|0x0000000706200000, 0x0000000706300000, 0x0000000706300000|100%|HS|  |TS  0|AC  0|TAMS 0x0000000706200000, 0x0000000706200000|
|  99|0x0000000706300000, 0x0000000706400000, 0x0000000706400000|100%|HC|  |TS  0|AC  0|TAMS 0x0000000706300000, 0x0000000706300000|
| 100|0x0000000706400000, 0x0000000706500000, 0x0000000706500000|100%|HC|  |TS  0|AC  0|TAMS 0x0000000706400000, 0x0000000706400000|
| 101|0x0000000706500000, 0x0000000706600000, 0x0000000706600000|100%|HS|  |TS 39|AC  0|TAMS 0x0000000706500000, 0x0000000706500000|
| 102|0x0000000706600000, 0x0000000706700000, 0x0000000706700000|100%|HC|  |TS 39|AC  0|TAMS 0x0000000706600000, 0x0000000706600000|
| 103|0x0000000706700000, 0x0000000706800000, 0x0000000706800000|100%|HC|  |TS 39|AC  0|TAMS 0x0000000706700000, 0x0000000706700000|
| 104|0x0000000706800000, 0x0000000706900000, 0x0000000706900000|100%|HC|  |TS 39|AC  0|TAMS 0x0000000706800000, 0x0000000706800000|
| 105|0x0000000706900000, 0x0000000706a00000, 0x0000000706a00000|100%|HC|  |TS 39|AC  0|TAMS 0x0000000706900000, 0x0000000706900000|
| 106|0x0000000706a00000, 0x0000000706b00000, 0x0000000706b00000|100%|HC|  |TS 39|AC  0|TAMS 0x0000000706a00000, 0x0000000706a00000|
| 107|0x0000000706b00000, 0x0000000706c00000, 0x0000000706c00000|100%|HC|  |TS 39|AC  0|TAMS 0x0000000706b00000, 0x0000000706b00000|
| 108|0x0000000706c00000, 0x0000000706d00000, 0x0000000706d00000|100%|HC|  |TS 39|AC  0|TAMS 0x0000000706c00000, 0x0000000706c00000|
| 109|0x0000000706d00000, 0x0000000706d00000, 0x0000000706e00000|  0%| F|  |TS 39|AC  0|TAMS 0x0000000706d00000, 0x0000000706d00000|
| 110|0x0000000706e00000, 0x0000000706e00000, 0x0000000706f00000|  0%| F|  |TS 39|AC  0|TAMS 0x0000000706e00000, 0x0000000706e00000|
| 111|0x0000000706f00000, 0x0000000706f00000, 0x0000000707000000|  0%| F|  |TS 39|AC  0|TAMS 0x0000000706f00000, 0x0000000706f00000|
| 112|0x0000000707000000, 0x0000000707000000, 0x0000000707100000|  0%| F|  |TS 39|AC  0|TAMS 0x0000000707000000, 0x0000000707000000|
| 113|0x0000000707100000, 0x0000000707100000, 0x0000000707200000|  0%| F|  |TS 39|AC  0|TAMS 0x0000000707100000, 0x0000000707100000|
| 114|0x0000000707200000, 0x0000000707200000, 0x0000000707300000|  0%| F|  |TS 39|AC  0|TAMS 0x0000000707200000, 0x0000000707200000|
| 115|0x0000000707300000, 0x0000000707300000, 0x0000000707400000|  0%| F|  |TS 39|AC  0|TAMS 0x0000000707300000, 0x0000000707300000|
| 116|0x0000000707400000, 0x0000000707400000, 0x0000000707500000|  0%| F|  |TS 39|AC  0|TAMS 0x0000000707400000, 0x0000000707400000|
| 117|0x0000000707500000, 0x0000000707500000, 0x0000000707600000|  0%| F|  |TS 39|AC  0|TAMS 0x0000000707500000, 0x0000000707500000|
| 118|0x0000000707600000, 0x0000000707600000, 0x0000000707700000|  0%| F|  |TS 39|AC  0|TAMS 0x0000000707600000, 0x0000000707600000|
| 119|0x0000000707700000, 0x0000000707700000, 0x0000000707800000|  0%| F|  |TS 39|AC  0|TAMS 0x0000000707700000, 0x0000000707700000|
| 120|0x0000000707800000, 0x0000000707800000, 0x0000000707900000|  0%| F|  |TS 41|AC  0|TAMS 0x0000000707800000, 0x0000000707800000|
| 121|0x0000000707900000, 0x0000000707900000, 0x0000000707a00000|  0%| F|  |TS 41|AC  0|TAMS 0x0000000707900000, 0x0000000707900000|
| 122|0x0000000707a00000, 0x0000000707a00000, 0x0000000707b00000|  0%| F|  |TS 41|AC  0|TAMS 0x0000000707a00000, 0x0000000707a00000|
| 123|0x0000000707b00000, 0x0000000707b00000, 0x0000000707c00000|  0%| F|  |TS 41|AC  0|TAMS 0x0000000707b00000, 0x0000000707b00000|
| 124|0x0000000707c00000, 0x0000000707c00000, 0x0000000707d00000|  0%| F|  |TS 41|AC  0|TAMS 0x0000000707c00000, 0x0000000707c00000|
| 125|0x0000000707d00000, 0x0000000707d00000, 0x0000000707e00000|  0%| F|  |TS 41|AC  0|TAMS 0x0000000707d00000, 0x0000000707d00000|
| 126|0x0000000707e00000, 0x0000000707e00000, 0x0000000707f00000|  0%| F|  |TS 41|AC  0|TAMS 0x0000000707e00000, 0x0000000707e00000|
| 127|0x0000000707f00000, 0x0000000707f00000, 0x0000000708000000|  0%| F|  |TS 41|AC  0|TAMS 0x0000000707f00000, 0x0000000707f00000|
| 128|0x0000000708000000, 0x0000000708000000, 0x0000000708100000|  0%| F|  |TS 41|AC  0|TAMS 0x0000000708000000, 0x0000000708000000|
| 129|0x0000000708100000, 0x0000000708100000, 0x0000000708200000|  0%| F|  |TS 41|AC  0|TAMS 0x0000000708100000, 0x0000000708100000|
| 130|0x0000000708200000, 0x0000000708200000, 0x0000000708300000|  0%| F|  |TS 41|AC  0|TAMS 0x0000000708200000, 0x0000000708200000|
| 131|0x0000000708300000, 0x0000000708300000, 0x0000000708400000|  0%| F|  |TS 41|AC  0|TAMS 0x0000000708300000, 0x0000000708300000|
| 132|0x0000000708400000, 0x0000000708500000, 0x0000000708500000|100%|HS|  |TS  0|AC  0|TAMS 0x0000000708400000, 0x0000000708400000|
| 133|0x0000000708500000, 0x0000000708600000, 0x0000000708600000|100%|HC|  |TS  0|AC  0|TAMS 0x0000000708500000, 0x0000000708500000|
| 134|0x0000000708600000, 0x0000000708700000, 0x0000000708700000|100%|HC|  |TS  0|AC  0|TAMS 0x0000000708600000, 0x0000000708600000|
| 135|0x0000000708700000, 0x0000000708700000, 0x0000000708800000|  0%| F|  |TS  0|AC  0|TAMS 0x0000000708700000, 0x0000000708700000|
| 136|0x0000000708800000, 0x0000000708800000, 0x0000000708900000|  0%| F|  |TS  0|AC  0|TAMS 0x0000000708800000, 0x0000000708800000|
| 137|0x0000000708900000, 0x0000000708900000, 0x0000000708a00000|  0%| F|  |TS  0|AC  0|TAMS 0x0000000708900000, 0x0000000708900000|
| 138|0x0000000708a00000, 0x0000000708a00000, 0x0000000708b00000|  0%| F|  |TS  0|AC  0|TAMS 0x0000000708a00000, 0x0000000708a00000|
| 139|0x0000000708b00000, 0x0000000708b00000, 0x0000000708c00000|  0%| F|  |TS  0|AC  0|TAMS 0x0000000708b00000, 0x0000000708b00000|
| 140|0x0000000708c00000, 0x0000000708c00000, 0x0000000708d00000|  0%| F|  |TS  0|AC  0|TAMS 0x0000000708c00000, 0x0000000708c00000|
| 141|0x0000000708d00000, 0x0000000708d00000, 0x0000000708e00000|  0%| F|  |TS  0|AC  0|TAMS 0x0000000708d00000, 0x0000000708d00000|
| 142|0x0000000708e00000, 0x0000000708e00000, 0x0000000708f00000|  0%| F|  |TS  0|AC  0|TAMS 0x0000000708e00000, 0x0000000708e00000|
| 143|0x0000000708f00000, 0x0000000708f00000, 0x0000000709000000|  0%| F|  |TS  0|AC  0|TAMS 0x0000000708f00000, 0x0000000708f00000|
| 144|0x0000000709000000, 0x0000000709000000, 0x0000000709100000|  0%| F|  |TS  0|AC  0|TAMS 0x0000000709000000, 0x0000000709000000|
| 145|0x0000000709100000, 0x0000000709100000, 0x0000000709200000|  0%| F|  |TS  0|AC  0|TAMS 0x0000000709100000, 0x0000000709100000|
| 146|0x0000000709200000, 0x0000000709200000, 0x0000000709300000|  0%| F|  |TS  0|AC  0|TAMS 0x0000000709200000, 0x0000000709200000|
| 147|0x0000000709300000, 0x0000000709300000, 0x0000000709400000|  0%| F|  |TS  0|AC  0|TAMS 0x0000000709300000, 0x0000000709300000|
| 148|0x0000000709400000, 0x0000000709400000, 0x0000000709500000|  0%| F|  |TS  0|AC  0|TAMS 0x0000000709400000, 0x0000000709400000|
| 149|0x0000000709500000, 0x0000000709500000, 0x0000000709600000|  0%| F|  |TS  0|AC  0|TAMS 0x0000000709500000, 0x0000000709500000|
| 150|0x0000000709600000, 0x0000000709600000, 0x0000000709700000|  0%| F|  |TS  0|AC  0|TAMS 0x0000000709600000, 0x0000000709600000|
| 151|0x0000000709700000, 0x0000000709700000, 0x0000000709800000|  0%| F|  |TS  0|AC  0|TAMS 0x0000000709700000, 0x0000000709700000|
| 152|0x0000000709800000, 0x0000000709800000, 0x0000000709900000|  0%| F|  |TS  0|AC  0|TAMS 0x0000000709800000, 0x0000000709800000|
| 153|0x0000000709900000, 0x0000000709900000, 0x0000000709a00000|  0%| F|  |TS  0|AC  0|TAMS 0x0000000709900000, 0x0000000709900000|
| 154|0x0000000709a00000, 0x0000000709a00000, 0x0000000709b00000|  0%| F|  |TS  0|AC  0|TAMS 0x0000000709a00000, 0x0000000709a00000|
| 155|0x0000000709b00000, 0x0000000709b00000, 0x0000000709c00000|  0%| F|  |TS  0|AC  0|TAMS 0x0000000709b00000, 0x0000000709b00000|
| 156|0x0000000709c00000, 0x0000000709c00000, 0x0000000709d00000|  0%| F|  |TS  0|AC  0|TAMS 0x0000000709c00000, 0x0000000709c00000|
| 157|0x0000000709d00000, 0x0000000709d00000, 0x0000000709e00000|  0%| F|  |TS  0|AC  0|TAMS 0x0000000709d00000, 0x0000000709d00000|
| 158|0x0000000709e00000, 0x0000000709e00000, 0x0000000709f00000|  0%| F|  |TS  0|AC  0|TAMS 0x0000000709e00000, 0x0000000709e00000|
| 159|0x0000000709f00000, 0x0000000709f00000, 0x000000070a000000|  0%| F|  |TS  0|AC  0|TAMS 0x0000000709f00000, 0x0000000709f00000|
| 160|0x000000070a000000, 0x000000070a000000, 0x000000070a100000|  0%| F|  |TS  0|AC  0|TAMS 0x000000070a000000, 0x000000070a000000|
| 161|0x000000070a100000, 0x000000070a100000, 0x000000070a200000|  0%| F|  |TS  0|AC  0|TAMS 0x000000070a100000, 0x000000070a100000|
| 162|0x000000070a200000, 0x000000070a200000, 0x000000070a300000|  0%| F|  |TS  0|AC  0|TAMS 0x000000070a200000, 0x000000070a200000|
| 163|0x000000070a300000, 0x000000070a300000, 0x000000070a400000|  0%| F|  |TS  0|AC  0|TAMS 0x000000070a300000, 0x000000070a300000|
| 164|0x000000070a400000, 0x000000070a400000, 0x000000070a500000|  0%| F|  |TS  0|AC  0|TAMS 0x000000070a400000, 0x000000070a400000|
| 165|0x000000070a500000, 0x000000070a500000, 0x000000070a600000|  0%| F|  |TS  0|AC  0|TAMS 0x000000070a500000, 0x000000070a500000|
| 166|0x000000070a600000, 0x000000070a600000, 0x000000070a700000|  0%| F|  |TS  0|AC  0|TAMS 0x000000070a600000, 0x000000070a600000|
| 167|0x000000070a700000, 0x000000070a700000, 0x000000070a800000|  0%| F|  |TS  0|AC  0|TAMS 0x000000070a700000, 0x000000070a700000|
| 168|0x000000070a800000, 0x000000070a800000, 0x000000070a900000|  0%| F|  |TS  0|AC  0|TAMS 0x000000070a800000, 0x000000070a800000|
| 169|0x000000070a900000, 0x000000070a900000, 0x000000070aa00000|  0%| F|  |TS  0|AC  0|TAMS 0x000000070a900000, 0x000000070a900000|
| 170|0x000000070aa00000, 0x000000070aa00000, 0x000000070ab00000|  0%| F|  |TS  0|AC  0|TAMS 0x000000070aa00000, 0x000000070aa00000|
| 171|0x000000070ab00000, 0x000000070ab00000, 0x000000070ac00000|  0%| F|  |TS  0|AC  0|TAMS 0x000000070ab00000, 0x000000070ab00000|
| 172|0x000000070ac00000, 0x000000070ac00000, 0x000000070ad00000|  0%| F|  |TS  0|AC  0|TAMS 0x000000070ac00000, 0x000000070ac00000|
| 173|0x000000070ad00000, 0x000000070ad00000, 0x000000070ae00000|  0%| F|  |TS  0|AC  0|TAMS 0x000000070ad00000, 0x000000070ad00000|
| 174|0x000000070ae00000, 0x000000070ae00000, 0x000000070af00000|  0%| F|  |TS  0|AC  0|TAMS 0x000000070ae00000, 0x000000070ae00000|
| 175|0x000000070af00000, 0x000000070af00000, 0x000000070b000000|  0%| F|  |TS  0|AC  0|TAMS 0x000000070af00000, 0x000000070af00000|
| 176|0x000000070b000000, 0x000000070b000000, 0x000000070b100000|  0%| F|  |TS  0|AC  0|TAMS 0x000000070b000000, 0x000000070b000000|
| 177|0x000000070b100000, 0x000000070b100000, 0x000000070b200000|  0%| F|  |TS  0|AC  0|TAMS 0x000000070b100000, 0x000000070b100000|
| 178|0x000000070b200000, 0x000000070b200000, 0x000000070b300000|  0%| F|  |TS  0|AC  0|TAMS 0x000000070b200000, 0x000000070b200000|
| 179|0x000000070b300000, 0x000000070b300000, 0x000000070b400000|  0%| F|  |TS  0|AC  0|TAMS 0x000000070b300000, 0x000000070b300000|
| 180|0x000000070b400000, 0x000000070b400000, 0x000000070b500000|  0%| F|  |TS  0|AC  0|TAMS 0x000000070b400000, 0x000000070b400000|
| 181|0x000000070b500000, 0x000000070b500000, 0x000000070b600000|  0%| F|  |TS  0|AC  0|TAMS 0x000000070b500000, 0x000000070b500000|
| 182|0x000000070b600000, 0x000000070b600000, 0x000000070b700000|  0%| F|  |TS  0|AC  0|TAMS 0x000000070b600000, 0x000000070b600000|
| 183|0x000000070b700000, 0x000000070b700000, 0x000000070b800000|  0%| F|  |TS  0|AC  0|TAMS 0x000000070b700000, 0x000000070b700000|
| 184|0x000000070b800000, 0x000000070b800000, 0x000000070b900000|  0%| F|  |TS  0|AC  0|TAMS 0x000000070b800000, 0x000000070b800000|
| 185|0x000000070b900000, 0x000000070b900000, 0x000000070ba00000|  0%| F|  |TS  0|AC  0|TAMS 0x000000070b900000, 0x000000070b900000|
| 186|0x000000070ba00000, 0x000000070ba00000, 0x000000070bb00000|  0%| F|  |TS  0|AC  0|TAMS 0x000000070ba00000, 0x000000070ba00000|
| 187|0x000000070bb00000, 0x000000070bb00000, 0x000000070bc00000|  0%| F|  |TS  0|AC  0|TAMS 0x000000070bb00000, 0x000000070bb00000|
| 188|0x000000070bc00000, 0x000000070bc00000, 0x000000070bd00000|  0%| F|  |TS  0|AC  0|TAMS 0x000000070bc00000, 0x000000070bc00000|
| 189|0x000000070bd00000, 0x000000070bd00000, 0x000000070be00000|  0%| F|  |TS  0|AC  0|TAMS 0x000000070bd00000, 0x000000070bd00000|
| 190|0x000000070be00000, 0x000000070be00000, 0x000000070bf00000|  0%| F|  |TS  0|AC  0|TAMS 0x000000070be00000, 0x000000070be00000|
| 191|0x000000070bf00000, 0x000000070bf00000, 0x000000070c000000|  0%| F|  |TS  0|AC  0|TAMS 0x000000070bf00000, 0x000000070bf00000|
| 192|0x000000070c000000, 0x000000070c000000, 0x000000070c100000|  0%| F|  |TS  0|AC  0|TAMS 0x000000070c000000, 0x000000070c000000|
| 193|0x000000070c100000, 0x000000070c100000, 0x000000070c200000|  0%| F|  |TS  0|AC  0|TAMS 0x000000070c100000, 0x000000070c100000|
| 194|0x000000070c200000, 0x000000070c200000, 0x000000070c300000|  0%| F|  |TS  0|AC  0|TAMS 0x000000070c200000, 0x000000070c200000|
| 195|0x000000070c300000, 0x000000070c300000, 0x000000070c400000|  0%| F|  |TS  0|AC  0|TAMS 0x000000070c300000, 0x000000070c300000|
| 196|0x000000070c400000, 0x000000070c400000, 0x000000070c500000|  0%| F|  |TS  0|AC  0|TAMS 0x000000070c400000, 0x000000070c400000|
| 197|0x000000070c500000, 0x000000070c500000, 0x000000070c600000|  0%| F|  |TS  0|AC  0|TAMS 0x000000070c500000, 0x000000070c500000|
| 198|0x000000070c600000, 0x000000070c600000, 0x000000070c700000|  0%| F|  |TS  0|AC  0|TAMS 0x000000070c600000, 0x000000070c600000|
| 199|0x000000070c700000, 0x000000070c700000, 0x000000070c800000|  0%| F|  |TS  0|AC  0|TAMS 0x000000070c700000, 0x000000070c700000|
| 200|0x000000070c800000, 0x000000070c800000, 0x000000070c900000|  0%| F|  |TS  0|AC  0|TAMS 0x000000070c800000, 0x000000070c800000|
| 201|0x000000070c900000, 0x000000070c900000, 0x000000070ca00000|  0%| F|  |TS  0|AC  0|TAMS 0x000000070c900000, 0x000000070c900000|
| 202|0x000000070ca00000, 0x000000070ca00000, 0x000000070cb00000|  0%| F|  |TS  0|AC  0|TAMS 0x000000070ca00000, 0x000000070ca00000|
| 203|0x000000070cb00000, 0x000000070cb00000, 0x000000070cc00000|  0%| F|  |TS  0|AC  0|TAMS 0x000000070cb00000, 0x000000070cb00000|
| 204|0x000000070cc00000, 0x000000070cc00000, 0x000000070cd00000|  0%| F|  |TS  0|AC  0|TAMS 0x000000070cc00000, 0x000000070cc00000|
| 205|0x000000070cd00000, 0x000000070cd00000, 0x000000070ce00000|  0%| F|  |TS  0|AC  0|TAMS 0x000000070cd00000, 0x000000070cd00000|
| 206|0x000000070ce00000, 0x000000070ce00000, 0x000000070cf00000|  0%| F|  |TS  0|AC  0|TAMS 0x000000070ce00000, 0x000000070ce00000|
| 207|0x000000070cf00000, 0x000000070cf00000, 0x000000070d000000|  0%| F|  |TS  0|AC  0|TAMS 0x000000070cf00000, 0x000000070cf00000|
| 208|0x000000070d000000, 0x000000070d000000, 0x000000070d100000|  0%| F|  |TS  0|AC  0|TAMS 0x000000070d000000, 0x000000070d000000|
| 209|0x000000070d100000, 0x000000070d100000, 0x000000070d200000|  0%| F|  |TS  0|AC  0|TAMS 0x000000070d100000, 0x000000070d100000|
| 210|0x000000070d200000, 0x000000070d200000, 0x000000070d300000|  0%| F|  |TS  0|AC  0|TAMS 0x000000070d200000, 0x000000070d200000|
| 211|0x000000070d300000, 0x000000070d300000, 0x000000070d400000|  0%| F|  |TS  0|AC  0|TAMS 0x000000070d300000, 0x000000070d300000|
| 212|0x000000070d400000, 0x000000070d400000, 0x000000070d500000|  0%| F|  |TS  0|AC  0|TAMS 0x000000070d400000, 0x000000070d400000|
| 213|0x000000070d500000, 0x000000070d500000, 0x000000070d600000|  0%| F|  |TS  0|AC  0|TAMS 0x000000070d500000, 0x000000070d500000|
| 214|0x000000070d600000, 0x000000070d600000, 0x000000070d700000|  0%| F|  |TS  0|AC  0|TAMS 0x000000070d600000, 0x000000070d600000|
| 215|0x000000070d700000, 0x000000070d700000, 0x000000070d800000|  0%| F|  |TS  0|AC  0|TAMS 0x000000070d700000, 0x000000070d700000|
| 216|0x000000070d800000, 0x000000070d800000, 0x000000070d900000|  0%| F|  |TS  0|AC  0|TAMS 0x000000070d800000, 0x000000070d800000|
| 217|0x000000070d900000, 0x000000070d900000, 0x000000070da00000|  0%| F|  |TS  0|AC  0|TAMS 0x000000070d900000, 0x000000070d900000|
| 218|0x000000070da00000, 0x000000070da00000, 0x000000070db00000|  0%| F|  |TS  0|AC  0|TAMS 0x000000070da00000, 0x000000070da00000|
| 219|0x000000070db00000, 0x000000070db00000, 0x000000070dc00000|  0%| F|  |TS  0|AC  0|TAMS 0x000000070db00000, 0x000000070db00000|
| 220|0x000000070dc00000, 0x000000070dc00000, 0x000000070dd00000|  0%| F|  |TS  0|AC  0|TAMS 0x000000070dc00000, 0x000000070dc00000|
| 221|0x000000070dd00000, 0x000000070dd00000, 0x000000070de00000|  0%| F|  |TS  0|AC  0|TAMS 0x000000070dd00000, 0x000000070dd00000|
| 222|0x000000070de00000, 0x000000070de00000, 0x000000070df00000|  0%| F|  |TS  0|AC  0|TAMS 0x000000070de00000, 0x000000070de00000|
| 223|0x000000070df00000, 0x000000070df00000, 0x000000070e000000|  0%| F|  |TS  0|AC  0|TAMS 0x000000070df00000, 0x000000070df00000|
| 224|0x000000070e000000, 0x000000070e000000, 0x000000070e100000|  0%| F|  |TS  0|AC  0|TAMS 0x000000070e000000, 0x000000070e000000|
| 225|0x000000070e100000, 0x000000070e100000, 0x000000070e200000|  0%| F|  |TS  0|AC  0|TAMS 0x000000070e100000, 0x000000070e100000|
| 226|0x000000070e200000, 0x000000070e200000, 0x000000070e300000|  0%| F|  |TS  0|AC  0|TAMS 0x000000070e200000, 0x000000070e200000|
| 227|0x000000070e300000, 0x000000070e300000, 0x000000070e400000|  0%| F|  |TS  0|AC  0|TAMS 0x000000070e300000, 0x000000070e300000|
| 228|0x000000070e400000, 0x000000070e400000, 0x000000070e500000|  0%| F|  |TS  0|AC  0|TAMS 0x000000070e400000, 0x000000070e400000|
| 229|0x000000070e500000, 0x000000070e500000, 0x000000070e600000|  0%| F|  |TS  0|AC  0|TAMS 0x000000070e500000, 0x000000070e500000|
| 230|0x000000070e600000, 0x000000070e600000, 0x000000070e700000|  0%| F|  |TS  0|AC  0|TAMS 0x000000070e600000, 0x000000070e600000|
| 231|0x000000070e700000, 0x000000070e700000, 0x000000070e800000|  0%| F|  |TS  0|AC  0|TAMS 0x000000070e700000, 0x000000070e700000|
| 232|0x000000070e800000, 0x000000070e800000, 0x000000070e900000|  0%| F|  |TS  0|AC  0|TAMS 0x000000070e800000, 0x000000070e800000|
| 233|0x000000070e900000, 0x000000070e900000, 0x000000070ea00000|  0%| F|  |TS  0|AC  0|TAMS 0x000000070e900000, 0x000000070e900000|
| 234|0x000000070ea00000, 0x000000070ea00000, 0x000000070eb00000|  0%| F|  |TS  0|AC  0|TAMS 0x000000070ea00000, 0x000000070ea00000|
| 235|0x000000070eb00000, 0x000000070eb00000, 0x000000070ec00000|  0%| F|  |TS  0|AC  0|TAMS 0x000000070eb00000, 0x000000070eb00000|
| 236|0x000000070ec00000, 0x000000070ec00000, 0x000000070ed00000|  0%| F|  |TS  0|AC  0|TAMS 0x000000070ec00000, 0x000000070ec00000|
| 237|0x000000070ed00000, 0x000000070ed00000, 0x000000070ee00000|  0%| F|  |TS  0|AC  0|TAMS 0x000000070ed00000, 0x000000070ed00000|
| 238|0x000000070ee00000, 0x000000070ee00000, 0x000000070ef00000|  0%| F|  |TS  0|AC  0|TAMS 0x000000070ee00000, 0x000000070ee00000|
| 239|0x000000070ef00000, 0x000000070ef00000, 0x000000070f000000|  0%| F|  |TS  0|AC  0|TAMS 0x000000070ef00000, 0x000000070ef00000|
| 240|0x000000070f000000, 0x000000070f000000, 0x000000070f100000|  0%| F|  |TS  0|AC  0|TAMS 0x000000070f000000, 0x000000070f000000|
| 241|0x000000070f100000, 0x000000070f18ad10, 0x000000070f200000| 54%| S|CS|TS 45|AC  0|TAMS 0x000000070f100000, 0x000000070f100000|
| 242|0x000000070f200000, 0x000000070f300000, 0x000000070f300000|100%| S|CS|TS 45|AC  0|TAMS 0x000000070f200000, 0x000000070f200000|
| 243|0x000000070f300000, 0x000000070f300000, 0x000000070f400000|  0%| F|  |TS 45|AC  0|TAMS 0x000000070f300000, 0x000000070f300000|
| 244|0x000000070f400000, 0x000000070f400000, 0x000000070f500000|  0%| F|  |TS 45|AC  0|TAMS 0x000000070f400000, 0x000000070f400000|
| 245|0x000000070f500000, 0x000000070f500000, 0x000000070f600000|  0%| F|  |TS 45|AC  0|TAMS 0x000000070f500000, 0x000000070f500000|
| 246|0x000000070f600000, 0x000000070f600000, 0x000000070f700000|  0%| F|  |TS 45|AC  0|TAMS 0x000000070f600000, 0x000000070f600000|
| 247|0x000000070f700000, 0x000000070f700000, 0x000000070f800000|  0%| F|  |TS 45|AC  0|TAMS 0x000000070f700000, 0x000000070f700000|
| 248|0x000000070f800000, 0x000000070f800000, 0x000000070f900000|  0%| F|  |TS 45|AC  0|TAMS 0x000000070f800000, 0x000000070f800000|
| 249|0x000000070f900000, 0x000000070f900000, 0x000000070fa00000|  0%| F|  |TS 45|AC  0|TAMS 0x000000070f900000, 0x000000070f900000|
| 250|0x000000070fa00000, 0x000000070fa00000, 0x000000070fb00000|  0%| F|  |TS 45|AC  0|TAMS 0x000000070fa00000, 0x000000070fa00000|
| 251|0x000000070fb00000, 0x000000070fb8eb28, 0x000000070fc00000| 55%| E|  |TS 45|AC  0|TAMS 0x000000070fb00000, 0x000000070fb00000|
| 252|0x000000070fc00000, 0x000000070fd00000, 0x000000070fd00000|100%| E|CS|TS 45|AC  0|TAMS 0x000000070fc00000, 0x000000070fc00000|
| 253|0x000000070fd00000, 0x000000070fe00000, 0x000000070fe00000|100%| E|CS|TS 45|AC  0|TAMS 0x000000070fd00000, 0x000000070fd00000|
| 254|0x000000070fe00000, 0x000000070ff00000, 0x000000070ff00000|100%| E|CS|TS 45|AC  0|TAMS 0x000000070fe00000, 0x000000070fe00000|
| 255|0x000000070ff00000, 0x0000000710000000, 0x0000000710000000|100%| E|CS|TS 45|AC  0|TAMS 0x000000070ff00000, 0x000000070ff00000|
| 256|0x0000000710000000, 0x0000000710100000, 0x0000000710100000|100%| E|CS|TS 45|AC  0|TAMS 0x0000000710000000, 0x0000000710000000|
| 257|0x0000000710100000, 0x0000000710200000, 0x0000000710200000|100%| E|CS|TS 45|AC  0|TAMS 0x0000000710100000, 0x0000000710100000|
| 258|0x0000000710200000, 0x0000000710300000, 0x0000000710300000|100%| E|CS|TS 45|AC  0|TAMS 0x0000000710200000, 0x0000000710200000|
| 259|0x0000000710300000, 0x0000000710400000, 0x0000000710400000|100%| E|CS|TS 45|AC  0|TAMS 0x0000000710300000, 0x0000000710300000|
| 260|0x0000000710400000, 0x0000000710500000, 0x0000000710500000|100%| E|CS|TS 45|AC  0|TAMS 0x0000000710400000, 0x0000000710400000|
| 261|0x0000000710500000, 0x0000000710600000, 0x0000000710600000|100%| E|CS|TS 45|AC  0|TAMS 0x0000000710500000, 0x0000000710500000|
| 262|0x0000000710600000, 0x0000000710700000, 0x0000000710700000|100%| E|CS|TS 45|AC  0|TAMS 0x0000000710600000, 0x0000000710600000|
| 263|0x0000000710700000, 0x0000000710800000, 0x0000000710800000|100%| E|CS|TS 45|AC  0|TAMS 0x0000000710700000, 0x0000000710700000|
| 264|0x0000000710800000, 0x0000000710900000, 0x0000000710900000|100%| E|CS|TS 45|AC  0|TAMS 0x0000000710800000, 0x0000000710800000|
| 265|0x0000000710900000, 0x0000000710a00000, 0x0000000710a00000|100%| E|CS|TS 45|AC  0|TAMS 0x0000000710900000, 0x0000000710900000|
| 266|0x0000000710a00000, 0x0000000710b00000, 0x0000000710b00000|100%| E|CS|TS 45|AC  0|TAMS 0x0000000710a00000, 0x0000000710a00000|
| 267|0x0000000710b00000, 0x0000000710c00000, 0x0000000710c00000|100%| E|CS|TS 45|AC  0|TAMS 0x0000000710b00000, 0x0000000710b00000|
| 268|0x0000000710c00000, 0x0000000710d00000, 0x0000000710d00000|100%| E|CS|TS 45|AC  0|TAMS 0x0000000710c00000, 0x0000000710c00000|
| 269|0x0000000710d00000, 0x0000000710e00000, 0x0000000710e00000|100%| E|CS|TS 45|AC  0|TAMS 0x0000000710d00000, 0x0000000710d00000|
| 270|0x0000000710e00000, 0x0000000710f00000, 0x0000000710f00000|100%| E|CS|TS 45|AC  0|TAMS 0x0000000710e00000, 0x0000000710e00000|
| 271|0x0000000710f00000, 0x0000000711000000, 0x0000000711000000|100%| E|CS|TS 45|AC  0|TAMS 0x0000000710f00000, 0x0000000710f00000|
| 272|0x0000000711000000, 0x0000000711100000, 0x0000000711100000|100%| E|CS|TS 45|AC  0|TAMS 0x0000000711000000, 0x0000000711000000|
| 273|0x0000000711100000, 0x0000000711200000, 0x0000000711200000|100%| E|CS|TS 45|AC  0|TAMS 0x0000000711100000, 0x0000000711100000|
| 274|0x0000000711200000, 0x0000000711300000, 0x0000000711300000|100%| E|CS|TS 45|AC  0|TAMS 0x0000000711200000, 0x0000000711200000|
| 275|0x0000000711300000, 0x0000000711400000, 0x0000000711400000|100%| E|CS|TS 45|AC  0|TAMS 0x0000000711300000, 0x0000000711300000|
| 276|0x0000000711400000, 0x0000000711500000, 0x0000000711500000|100%| E|CS|TS 45|AC  0|TAMS 0x0000000711400000, 0x0000000711400000|
| 277|0x0000000711500000, 0x0000000711600000, 0x0000000711600000|100%| E|CS|TS 45|AC  0|TAMS 0x0000000711500000, 0x0000000711500000|
| 278|0x0000000711600000, 0x0000000711700000, 0x0000000711700000|100%| E|CS|TS 45|AC  0|TAMS 0x0000000711600000, 0x0000000711600000|
| 279|0x0000000711700000, 0x0000000711800000, 0x0000000711800000|100%| E|CS|TS 45|AC  0|TAMS 0x0000000711700000, 0x0000000711700000|
| 280|0x0000000711800000, 0x0000000711900000, 0x0000000711900000|100%| E|CS|TS 45|AC  0|TAMS 0x0000000711800000, 0x0000000711800000|
| 281|0x0000000711900000, 0x0000000711a00000, 0x0000000711a00000|100%| E|CS|TS 45|AC  0|TAMS 0x0000000711900000, 0x0000000711900000|
| 282|0x0000000711a00000, 0x0000000711b00000, 0x0000000711b00000|100%| E|CS|TS 45|AC  0|TAMS 0x0000000711a00000, 0x0000000711a00000|
| 283|0x0000000711b00000, 0x0000000711c00000, 0x0000000711c00000|100%| E|CS|TS 45|AC  0|TAMS 0x0000000711b00000, 0x0000000711b00000|
| 284|0x0000000711c00000, 0x0000000711d00000, 0x0000000711d00000|100%| E|CS|TS 45|AC  0|TAMS 0x0000000711c00000, 0x0000000711c00000|
| 285|0x0000000711d00000, 0x0000000711e00000, 0x0000000711e00000|100%| E|CS|TS 45|AC  0|TAMS 0x0000000711d00000, 0x0000000711d00000|
| 286|0x0000000711e00000, 0x0000000711f00000, 0x0000000711f00000|100%| E|CS|TS 45|AC  0|TAMS 0x0000000711e00000, 0x0000000711e00000|
| 287|0x0000000711f00000, 0x0000000712000000, 0x0000000712000000|100%| E|CS|TS 45|AC  0|TAMS 0x0000000711f00000, 0x0000000711f00000|
| 288|0x0000000712000000, 0x0000000712100000, 0x0000000712100000|100%| E|CS|TS 45|AC  0|TAMS 0x0000000712000000, 0x0000000712000000|
| 289|0x0000000712100000, 0x0000000712200000, 0x0000000712200000|100%| E|CS|TS 45|AC  0|TAMS 0x0000000712100000, 0x0000000712100000|
| 290|0x0000000712200000, 0x0000000712300000, 0x0000000712300000|100%| E|CS|TS 45|AC  0|TAMS 0x0000000712200000, 0x0000000712200000|
| 291|0x0000000712300000, 0x0000000712400000, 0x0000000712400000|100%| E|CS|TS 45|AC  0|TAMS 0x0000000712300000, 0x0000000712300000|
| 292|0x0000000712400000, 0x0000000712500000, 0x0000000712500000|100%| E|CS|TS 45|AC  0|TAMS 0x0000000712400000, 0x0000000712400000|
| 293|0x0000000712500000, 0x0000000712600000, 0x0000000712600000|100%| E|CS|TS 45|AC  0|TAMS 0x0000000712500000, 0x0000000712500000|
| 294|0x0000000712600000, 0x0000000712700000, 0x0000000712700000|100%| E|CS|TS 45|AC  0|TAMS 0x0000000712600000, 0x0000000712600000|
| 295|0x0000000712700000, 0x0000000712800000, 0x0000000712800000|100%| E|CS|TS 45|AC  0|TAMS 0x0000000712700000, 0x0000000712700000|
| 296|0x0000000712800000, 0x0000000712900000, 0x0000000712900000|100%| E|CS|TS 45|AC  0|TAMS 0x0000000712800000, 0x0000000712800000|
| 297|0x0000000712900000, 0x0000000712a00000, 0x0000000712a00000|100%| E|CS|TS 45|AC  0|TAMS 0x0000000712900000, 0x0000000712900000|
| 298|0x0000000712a00000, 0x0000000712b00000, 0x0000000712b00000|100%| E|CS|TS 45|AC  0|TAMS 0x0000000712a00000, 0x0000000712a00000|
| 299|0x0000000712b00000, 0x0000000712c00000, 0x0000000712c00000|100%| E|CS|TS 45|AC  0|TAMS 0x0000000712b00000, 0x0000000712b00000|
| 300|0x0000000712c00000, 0x0000000712d00000, 0x0000000712d00000|100%| E|CS|TS 45|AC  0|TAMS 0x0000000712c00000, 0x0000000712c00000|
| 301|0x0000000712d00000, 0x0000000712e00000, 0x0000000712e00000|100%| E|CS|TS 45|AC  0|TAMS 0x0000000712d00000, 0x0000000712d00000|
| 302|0x0000000712e00000, 0x0000000712f00000, 0x0000000712f00000|100%| E|CS|TS 45|AC  0|TAMS 0x0000000712e00000, 0x0000000712e00000|

Card table byte_map: [0x00000221196f0000,0x0000022119cf0000] byte_map_base: 0x0000022115ef0000

Marking Bits (Prev, Next): (CMBitMap*) 0x000002211b161d08, (CMBitMap*) 0x000002211b161cd0
 Prev Bits: [0x0000022133f50000, 0x0000022136f50000)
 Next Bits: [0x0000022130f50000, 0x0000022133f50000)

Polling page: 0x000002210cdc0000

CodeHeap 'non-profiled nmethods': size=119168Kb used=33884Kb max_used=34847Kb free=85283Kb
 bounds [0x0000022129af0000, 0x000002212bd10000, 0x0000022130f50000]
CodeHeap 'profiled nmethods': size=119168Kb used=51054Kb max_used=58300Kb free=68113Kb
 bounds [0x0000022122690000, 0x0000022125fe0000, 0x0000022129af0000]
CodeHeap 'non-nmethods': size=7424Kb used=3517Kb max_used=3624Kb free=3906Kb
 bounds [0x0000022121f50000, 0x00000221222f0000, 0x0000022122690000]
 total_blobs=50944 nmethods=23460 adapters=1175
 compilation: enabled

Compilation events (10 events):
Event: 16769.536 Thread 0x00000221176d2800 33358       4       ui.utils.g.g::cP (16 bytes)
Event: 16769.536 Thread 0x00000221176d4000 nmethod 33357 0x0000022123599e90 code [0x000002212359a040, 0x000002212359a178]
Event: 16769.536 Thread 0x00000221176d3000 nmethod 33356 0x0000022124640c10 code [0x0000022124640e00, 0x00000221246413e0]
Event: 16769.537 Thread 0x00000221176d2800 nmethod 33358 0x000002212a4a2010 code [0x000002212a4a21c0, 0x000002212a4a2258]
Event: 16769.542 Thread 0x0000022117865000 33359       4       javax.swing.tree.DefaultMutableTreeNode::isNodeChild (39 bytes)
Event: 16769.542 Thread 0x0000022117864000 33360       4       javax.swing.tree.DefaultMutableTreeNode::getIndex (33 bytes)
Event: 16769.542 Thread 0x0000022117865000 nmethod 33359 0x000002212a4a1c90 code [0x000002212a4a1e20, 0x000002212a4a1ed8]
Event: 16769.545 Thread 0x0000022117864000 nmethod 33360 0x000002212a4a1390 code [0x000002212a4a1540, 0x000002212a4a1a38]
Event: 16769.557 Thread 0x0000022117983000 33361       4       ui.views.x.b.k::setIconSize (71 bytes)
Event: 16769.592 Thread 0x0000022117983000 nmethod 33361 0x000002212a4c6b10 code [0x000002212a4c7000, 0x000002212a4c9948]

GC Heap History (10 events):
Event: 16762.826 GC heap before
{Heap before GC invocations=1912 (full 137):
 garbage-first heap   total 310272K, used 183419K [0x0000000700000000, 0x0000000700100978, 0x00000007c0000000)
  region size 1024K, 60 young (61440K), 1 survivors (1024K)
 Metaspace       used 94287K, capacity 96641K, committed 102400K, reserved 1136640K
  class space    used 12869K, capacity 13355K, committed 14592K, reserved 1048576K
}
Event: 16762.828 GC heap after
{Heap after GC invocations=1913 (full 137):
 garbage-first heap   total 310272K, used 124012K [0x0000000700000000, 0x0000000700100978, 0x00000007c0000000)
  region size 1024K, 2 young (2048K), 2 survivors (2048K)
 Metaspace       used 94287K, capacity 96641K, committed 102400K, reserved 1136640K
  class space    used 12869K, capacity 13355K, committed 14592K, reserved 1048576K
}
Event: 16769.239 GC heap before
{Heap before GC invocations=1913 (full 137):
 garbage-first heap   total 310272K, used 196716K [0x0000000700000000, 0x0000000700100978, 0x00000007c0000000)
  region size 1024K, 60 young (61440K), 2 survivors (2048K)
 Metaspace       used 94300K, capacity 96641K, committed 102400K, reserved 1136640K
  class space    used 12869K, capacity 13355K, committed 14592K, reserved 1048576K
}
Event: 16769.241 GC heap after
{Heap after GC invocations=1914 (full 137):
 garbage-first heap   total 310272K, used 115779K [0x0000000700000000, 0x0000000700100978, 0x00000007c0000000)
  region size 1024K, 2 young (2048K), 2 survivors (2048K)
 Metaspace       used 94300K, capacity 96641K, committed 102400K, reserved 1136640K
  class space    used 12869K, capacity 13355K, committed 14592K, reserved 1048576K
}
Event: 16769.302 GC heap before
{Heap before GC invocations=1914 (full 137):
 garbage-first heap   total 310272K, used 175171K [0x0000000700000000, 0x0000000700100978, 0x00000007c0000000)
  region size 1024K, 60 young (61440K), 2 survivors (2048K)
 Metaspace       used 94300K, capacity 96641K, committed 102400K, reserved 1136640K
  class space    used 12869K, capacity 13355K, committed 14592K, reserved 1048576K
}
Event: 16769.304 GC heap after
{Heap after GC invocations=1915 (full 137):
 garbage-first heap   total 310272K, used 103500K [0x0000000700000000, 0x0000000700100978, 0x00000007c0000000)
  region size 1024K, 2 young (2048K), 2 survivors (2048K)
 Metaspace       used 94300K, capacity 96641K, committed 102400K, reserved 1136640K
  class space    used 12869K, capacity 13355K, committed 14592K, reserved 1048576K
}
Event: 16769.405 GC heap before
{Heap before GC invocations=1915 (full 137):
 garbage-first heap   total 310272K, used 162892K [0x0000000700000000, 0x0000000700100978, 0x00000007c0000000)
  region size 1024K, 60 young (61440K), 2 survivors (2048K)
 Metaspace       used 94376K, capacity 96815K, committed 102400K, reserved 1136640K
  class space    used 12888K, capacity 13392K, committed 14592K, reserved 1048576K
}
Event: 16769.408 GC heap after
{Heap after GC invocations=1916 (full 137):
 garbage-first heap   total 310272K, used 104270K [0x0000000700000000, 0x0000000700100978, 0x00000007c0000000)
  region size 1024K, 2 young (2048K), 2 survivors (2048K)
 Metaspace       used 94376K, capacity 96815K, committed 102400K, reserved 1136640K
  class space    used 12888K, capacity 13392K, committed 14592K, reserved 1048576K
}
Event: 16769.496 GC heap before
{Heap before GC invocations=1916 (full 137):
 garbage-first heap   total 310272K, used 171854K [0x0000000700000000, 0x0000000700100978, 0x00000007c0000000)
  region size 1024K, 60 young (61440K), 2 survivors (2048K)
 Metaspace       used 94376K, capacity 96815K, committed 102400K, reserved 1136640K
  class space    used 12888K, capacity 13392K, committed 14592K, reserved 1048576K
}
Event: 16769.499 GC heap after
{Heap after GC invocations=1917 (full 137):
 garbage-first heap   total 310272K, used 112064K [0x0000000700000000, 0x0000000700100978, 0x00000007c0000000)
  region size 1024K, 2 young (2048K), 2 survivors (2048K)
 Metaspace       used 94376K, capacity 96815K, committed 102400K, reserved 1136640K
  class space    used 12888K, capacity 13392K, committed 14592K, reserved 1048576K
}

Deoptimization events (10 events):
Event: 16160.426 Thread 0x000002213b992800 Uncommon trap: reason=unstable_if action=reinterpret pc=0x000002212ade8010 method=java.lang.StringLatin1.lastIndexOf([BI[BII)I @ 111 c2
Event: 16236.805 Thread 0x000002213b992800 Uncommon trap: reason=unloaded action=reinterpret pc=0x000002212ad60800 method=ui.data.p.e.c.a(Ljava/io/InputStream;Lui/data/p/d/f;)Ljava/lang/Object; @ 374 c2
Event: 16236.806 Thread 0x000002213b992800 Uncommon trap: reason=unloaded action=reinterpret pc=0x000002212b36c868 method=ui.data.p.b.a.a(Lui/data/p/a;Ljava/lang/Object;Lui/data/p/d/f;)Ljava/lang/Object; @ 371 c2
Event: 16236.816 Thread 0x000002213b992800 Uncommon trap: reason=bimorphic_or_optimized_type_check action=maybe_recompile pc=0x000002212ba502fc method=sun.java2d.marlin.Stroker$PolyStack.popAll(Lsun/awt/geom/PathConsumer2D;)V @ 202 c2
Event: 16236.829 Thread 0x000002213b992800 Uncommon trap: reason=unstable_if action=reinterpret pc=0x000002212bcf26cc method=ui.frmwork.c.i.processMouseMotionEvent(Ljava/awt/event/MouseEvent;)V @ 79 c2
Event: 16236.839 Thread 0x000002213b992800 Uncommon trap: reason=bimorphic_or_optimized_type_check action=maybe_recompile pc=0x000002212ba502fc method=sun.java2d.marlin.Stroker$PolyStack.popAll(Lsun/awt/geom/PathConsumer2D;)V @ 202 c2
Event: 16244.655 Thread 0x000002213b992800 Uncommon trap: reason=unstable_if action=reinterpret pc=0x000002212b6dd93c method=ui.data.p.b.c.l.g(Lui/data/p/a;II)V @ 122 c2
Event: 16364.773 Thread 0x000002213b992800 Uncommon trap: reason=unstable_if action=reinterpret pc=0x000002212a9b3d38 method=javax.swing.RepaintManager.addDirtyRegion0(Ljava/awt/Container;IIII)V @ 108 c2
Event: 16762.679 Thread 0x000002213b992800 Uncommon trap: reason=unstable_if action=reinterpret pc=0x000002212bc1f118 method=ui.utils.p.a.b.paintBorder(Ljava/awt/Component;Ljava/awt/Graphics;IIII)V @ 78 c2
Event: 16764.847 Thread 0x000002213b992800 Uncommon trap: reason=unstable_if action=reinterpret pc=0x000002212b8874a0 method=com.jidesoft.plaf.basic.BasicJideTabbedPaneUI.paintContentBorder(Ljava/awt/Graphics;II)V @ 115 c2

Classes redefined (0 events):
No events

Internal exceptions (10 events):
Event: 15298.186 Thread 0x000002213dfda800 Exception <a 'java/lang/InterruptedException'{0x0000000712816120}: sleep interrupted> (0x0000000712816120) thrown at [t:/workspace/hotspot/src/share/vm/prims/jvm.cpp, line 3023]
Event: 15566.138 Thread 0x000002213dfd1000 Exception <a 'java/lang/InterruptedException'{0x0000000711c8fea8}: sleep interrupted> (0x0000000711c8fea8) thrown at [t:/workspace/hotspot/src/share/vm/prims/jvm.cpp, line 3023]
Event: 15619.041 Thread 0x000002213b992800 Exception <a 'java/lang/NoSuchMethodError'{0x0000000710375b50}: java.lang.invoke.DirectMethodHandle$Holder.invokeSpecial(Ljava/lang/Object;Ljava/lang/Object;IILjava/lang/Object;Ljava/lang/Object;IILjava/lang/Object;Ljava/lang/Object;)Ljava/lang/Object;> (
Event: 15619.042 Thread 0x000002213b992800 Exception <a 'java/lang/NoSuchMethodError'{0x0000000710379808}: java.lang.invoke.DelegatingMethodHandle$Holder.reinvoke_L(Ljava/lang/Object;IILjava/lang/Object;Ljava/lang/Object;IILjava/lang/Object;Ljava/lang/Object;)Ljava/lang/Object;> (0x000000071037980
Event: 15619.043 Thread 0x000002213b992800 Exception <a 'java/lang/NoSuchMethodError'{0x00000007103fbfd0}: java.lang.invoke.DirectMethodHandle$Holder.invokeSpecial(Ljava/lang/Object;Ljava/lang/Object;Ljava/lang/Object;Ljava/lang/Object;IILjava/lang/Object;Ljava/lang/Object;)Ljava/lang/Object;> (0x
Event: 15677.486 Thread 0x000002213b992800 Exception <a 'java/lang/ClassNotFoundException'{0x0000000710b50408}: ui/utils/k/g/nBeanInfo> (0x0000000710b50408) thrown at [t:/workspace/hotspot/src/share/vm/classfile/systemDictionary.cpp, line 218]
Event: 15677.486 Thread 0x000002213b992800 Exception <a 'java/lang/ClassNotFoundException'{0x0000000710b68d00}: ui/utils/k/g/nCustomizer> (0x0000000710b68d00) thrown at [t:/workspace/hotspot/src/share/vm/classfile/systemDictionary.cpp, line 218]
Event: 15820.717 Thread 0x000002213dfdd800 Exception <a 'java/lang/InterruptedException'{0x0000000711ba4bc8}: sleep interrupted> (0x0000000711ba4bc8) thrown at [t:/workspace/hotspot/src/share/vm/prims/jvm.cpp, line 3023]
Event: 15822.501 Thread 0x000002213dfd5800 Exception <a 'java/lang/InterruptedException'{0x0000000712798c90}: sleep interrupted> (0x0000000712798c90) thrown at [t:/workspace/hotspot/src/share/vm/prims/jvm.cpp, line 3023]
Event: 16769.379 Thread 0x000002213b992800 Exception <a 'java/lang/NoSuchMethodError'{0x00000007100e4b80}: java.lang.invoke.DelegatingMethodHandle$Holder.reinvoke_L(Ljava/lang/Object;IIILjava/lang/Object;Ljava/lang/Object;Ljava/lang/Object;Ljava/lang/Object;)Ljava/lang/Object;> (0x00000007100e4b80

Events (10 events):
Event: 16769.732 Thread 0x000002213dfdd800 Thread added: 0x000002213dfdd800
Event: 16769.733 Thread 0x0000022114589800 Thread added: 0x0000022114589800
Event: 16769.733 Thread 0x0000022151ec4800 Thread added: 0x0000022151ec4800
Event: 16769.733 Thread 0x0000022151ec6000 Thread added: 0x0000022151ec6000
Event: 16769.733 Thread 0x0000022151ec1000 Thread added: 0x0000022151ec1000
Event: 16769.733 Thread 0x0000022151ec0000 Thread added: 0x0000022151ec0000
Event: 16769.741 Thread 0x0000022114589800 Thread exited: 0x0000022114589800
Event: 16769.741 Executing VM operation: RevokeBias
Event: 16769.749 Executing VM operation: RevokeBias done
Event: 16769.751 Thread 0x0000022151ec6000 Thread exited: 0x0000022151ec6000


Dynamic libraries:
0x00007ff7fd940000 - 0x00007ff7fd970000 	C:\Xilinx\Vivado\2019.2\bin\unwrapped\win64.o\vivado.exe
0x00007ffecba90000 - 0x00007ffecbc88000 	C:\WINDOWS\SYSTEM32\ntdll.dll
0x00007ffeca220000 - 0x00007ffeca2dd000 	C:\WINDOWS\System32\KERNEL32.DLL
0x00007ffec9290000 - 0x00007ffec9586000 	C:\WINDOWS\System32\KERNELBASE.dll
0x00007ffec9590000 - 0x00007ffec9690000 	C:\WINDOWS\System32\ucrtbase.dll
0x00007ffeabf60000 - 0x00007ffeabfee000 	C:\WINDOWS\SYSTEM32\MSVCP140.dll
0x00007ffec23f0000 - 0x00007ffec240b000 	C:\WINDOWS\SYSTEM32\VCRUNTIME140.dll
0x00007ffec1ff0000 - 0x00007ffec2004000 	C:\Xilinx\Vivado\2019.2\lib\win64.o\libboost_signals.dll
0x00007ffec1d00000 - 0x00007ffec1d16000 	C:\Xilinx\Vivado\2019.2\lib\win64.o\librdi_commonmain.dll
0x00007ffe4f450000 - 0x00007ffe50393000 	C:\Xilinx\Vivado\2019.2\lib\win64.o\librdi_common.dll
0x00007ffeca870000 - 0x00007ffecaa0f000 	C:\WINDOWS\System32\USER32.dll
0x00007ffec2ff0000 - 0x00007ffec2ffc000 	C:\WINDOWS\SYSTEM32\VCRUNTIME140_1.dll
0x00007ffec9260000 - 0x00007ffec9282000 	C:\WINDOWS\System32\win32u.dll
0x00007ffeca6d0000 - 0x00007ffeca6fb000 	C:\WINDOWS\System32\GDI32.dll
0x00007ffec9140000 - 0x00007ffec9257000 	C:\WINDOWS\System32\gdi32full.dll
0x00007ffec9920000 - 0x00007ffec99bd000 	C:\WINDOWS\System32\msvcp_win.dll
0x00007ffebe7c0000 - 0x00007ffebe7e6000 	C:\Xilinx\Vivado\2019.2\lib\win64.o\libboost_filesystem.dll
0x00007ffec9f40000 - 0x00007ffec9ff0000 	C:\WINDOWS\System32\ADVAPI32.dll
0x00007ffeca770000 - 0x00007ffeca80e000 	C:\WINDOWS\System32\msvcrt.dll
0x00007ffecb4b0000 - 0x00007ffecb550000 	C:\WINDOWS\System32\sechost.dll
0x00007ffec2830000 - 0x00007ffec283a000 	C:\Xilinx\Vivado\2019.2\lib\win64.o\librdi_commonversion.dll
0x00007ffeca2e0000 - 0x00007ffeca403000 	C:\WINDOWS\System32\RPCRT4.dll
0x00007ffec9690000 - 0x00007ffec96b7000 	C:\WINDOWS\System32\bcrypt.dll
0x00007ffea9150000 - 0x00007ffea92f1000 	C:\Xilinx\Vivado\2019.2\lib\win64.o\librdi_commonxillic.dll
0x00007ffecacb0000 - 0x00007ffecb41b000 	C:\WINDOWS\System32\SHELL32.dll
0x00007ffecaa10000 - 0x00007ffecaa7b000 	C:\WINDOWS\System32\WS2_32.dll
0x0000000066530000 - 0x000000006665b000 	C:\Xilinx\Vivado\2019.2\lib\win64.o\tcl85t.dll
0x00007ffe4e930000 - 0x00007ffe4ec9e000 	C:\Xilinx\Vivado\2019.2\lib\win64.o\libCOIN-all.dll
0x00007ffebf050000 - 0x00007ffebf064000 	C:\Xilinx\Vivado\2019.2\lib\win64.o\libboost_date_time.dll
0x00007ffeaaee0000 - 0x00007ffeaaf5f000 	C:\Xilinx\Vivado\2019.2\lib\win64.o\libboost_program_options.dll
0x00007ffea9030000 - 0x00007ffea9144000 	C:\Xilinx\Vivado\2019.2\lib\win64.o\libboost_regex.dll
0x00007ffec23e0000 - 0x00007ffec23eb000 	C:\Xilinx\Vivado\2019.2\lib\win64.o\libboost_system.dll
0x00007ffeb8e30000 - 0x00007ffeb8e51000 	C:\Xilinx\Vivado\2019.2\lib\win64.o\libboost_thread.dll
0x00007ffebe4a0000 - 0x00007ffebe4af000 	C:\Xilinx\Vivado\2019.2\lib\win64.o\libboost_xilinx.dll
0x00007ffeaa910000 - 0x00007ffeaa992000 	C:\Xilinx\Vivado\2019.2\lib\win64.o\libhdlpsolve.dll
0x00007ffeaa7b0000 - 0x00007ffeaa855000 	C:\Xilinx\Vivado\2019.2\lib\win64.o\libhdxml.dll
0x00007ffeb8e00000 - 0x00007ffeb8e2e000 	C:\Xilinx\Vivado\2019.2\lib\win64.o\libisl_sysinfo.dll
0x00007ffe4dd30000 - 0x00007ffe4e92c200 	C:\Xilinx\Vivado\2019.2\lib\win64.o\libisl_iostreams.dll
0x00007ffeb6100000 - 0x00007ffeb611a000 	C:\Xilinx\Vivado\2019.2\lib\win64.o\pthreadVC2.dll
0x00007ffeaae70000 - 0x00007ffeaaed5000 	C:\Xilinx\Vivado\2019.2\lib\win64.o\liblmx6.0.dll
0x00007ffeacca0000 - 0x00007ffeaccbc000 	C:\Xilinx\Vivado\2019.2\lib\win64.o\librdiconfig.dll
0x00007ffeaa720000 - 0x00007ffeaa741000 	C:\Xilinx\Vivado\2019.2\lib\win64.o\librdizlib.dll
0x0000000012000000 - 0x0000000012270000 	C:\Xilinx\Vivado\2019.2\lib\win64.o\xerces-c_3_1.dll
0x00007ffeb8620000 - 0x00007ffeb8639000 	C:\WINDOWS\SYSTEM32\NETAPI32.dll
0x00007ffeb7b20000 - 0x00007ffeb7ff6000 	C:\WINDOWS\SYSTEM32\WININET.dll
0x00007ffec3a70000 - 0x00007ffec3b7a000 	C:\WINDOWS\SYSTEM32\WINHTTP.dll
0x00007ffeb9960000 - 0x00007ffeb9b4c000 	C:\WINDOWS\SYSTEM32\urlmon.dll
0x00007ffe4da50000 - 0x00007ffe4dd2b000 	C:\Xilinx\Vivado\2019.2\lib\win64.o\libXil_lmgr11.dll
0x00007ffecb610000 - 0x00007ffecb6ea000 	C:\WINDOWS\System32\COMDLG32.dll
0x00007ffecb6f0000 - 0x00007ffecba43000 	C:\WINDOWS\System32\combase.dll
0x00007ffeca050000 - 0x00007ffeca0fd000 	C:\WINDOWS\System32\shcore.dll
0x00007ffeaa6e0000 - 0x00007ffeaa711000 	C:\WINDOWS\SYSTEM32\VCOMP140.DLL
0x00007ffeb8490000 - 0x00007ffeb8499000 	C:\WINDOWS\SYSTEM32\WSOCK32.dll
0x00007ffeca700000 - 0x00007ffeca755000 	C:\WINDOWS\System32\SHLWAPI.dll
0x00007ffeca410000 - 0x00007ffeca4dd000 	C:\WINDOWS\System32\OLEAUT32.dll
0x00007ffeca5a0000 - 0x00007ffeca6cb000 	C:\WINDOWS\System32\ole32.dll
0x00007ffe4cbb0000 - 0x00007ffe4da41000 	C:\Xilinx\Vivado\2019.2\lib\win64.o\gurobi65.dll
0x00007ffec96c0000 - 0x00007ffec9727000 	C:\WINDOWS\System32\WINTRUST.dll
0x00007ffec97c0000 - 0x00007ffec991e000 	C:\WINDOWS\System32\CRYPT32.dll
0x00007ffeba820000 - 0x00007ffeba82d000 	C:\Xilinx\Vivado\2019.2\lib\win64.o\libboost_chrono.dll
0x00007ffeacc80000 - 0x00007ffeacc9b000 	C:\Xilinx\Vivado\2019.2\lib\win64.o\libboost_iostreams.dll
0x00007ffea9890000 - 0x00007ffea98b5000 	C:\Xilinx\Vivado\2019.2\lib\win64.o\libisl_iosutils.dll
0x00007ffeb96a0000 - 0x00007ffeb995c000 	C:\WINDOWS\SYSTEM32\iertutil.dll
0x00007ffeb9670000 - 0x00007ffeb9698000 	C:\WINDOWS\SYSTEM32\srvcli.dll
0x00007ffec85a0000 - 0x00007ffec85ac000 	C:\WINDOWS\SYSTEM32\netutils.dll
0x00007ffe9f1b0000 - 0x00007ffe9f260000 	C:\WINDOWS\WinSxS\amd64_microsoft.windows.common-controls_6595b64144ccf1df_5.82.19041.3636_none_7931fb75243f97c8\COMCTL32.dll
0x00007ffec1c50000 - 0x00007ffec1c6d000 	C:\WINDOWS\SYSTEM32\dhcpcsvc.DLL
0x00007ffeca4e0000 - 0x00007ffeca512000 	C:\WINDOWS\System32\IMM32.DLL
0x00007ffec8d00000 - 0x00007ffec8d12000 	C:\WINDOWS\SYSTEM32\MSASN1.dll
0x00007ffec7930000 - 0x00007ffec7942000 	C:\WINDOWS\SYSTEM32\kernel.appcore.dll
0x00007ffe4b6f0000 - 0x00007ffe4bc07000 	C:\Xilinx\Vivado\2019.2\lib\win64.o\librdi_commontasks.dll
0x00007ffebec20000 - 0x00007ffebec2a000 	C:\WINDOWS\SYSTEM32\VERSION.dll
0x00007ffe4c2d0000 - 0x00007ffe4c5b3000 	C:\Xilinx\Vivado\2019.2\lib\win64.o\librdi_sio.dll
0x0000000065b00000 - 0x0000000066525000 	C:\Xilinx\Vivado\2019.2\tps\win64\jre9.0.4\bin\server\jvm.dll
0x00007ffec9f30000 - 0x00007ffec9f38000 	C:\WINDOWS\System32\PSAPI.DLL
0x00007ffec8560000 - 0x00007ffec859b000 	C:\WINDOWS\SYSTEM32\IPHLPAPI.DLL
0x00007ffebebf0000 - 0x00007ffebec17000 	C:\WINDOWS\SYSTEM32\WINMM.dll
0x00007ffec88d0000 - 0x00007ffec893a000 	C:\WINDOWS\SYSTEM32\MSWSOCK.DLL
0x00007ffea7c30000 - 0x00007ffea7d1f000 	C:\Xilinx\Vivado\2019.2\tps\win64\jre9.0.4\bin\MSVCR120.dll
0x00007ffec7190000 - 0x00007ffec792e000 	C:\WINDOWS\SYSTEM32\windows.storage.dll
0x00007ffec8b70000 - 0x00007ffec8b9e000 	C:\WINDOWS\SYSTEM32\Wldp.dll
0x00007ffe48fa0000 - 0x00007ffe4b6e5000 	C:\Xilinx\Vivado\2019.2\lib\win64.o\librdi_tcltasks.dll
0x00007ffea9810000 - 0x00007ffea988b000 	C:\Xilinx\Vivado\2019.2\lib\win64.o\librdi_boarddep.dll
0x00007ffe71ec0000 - 0x00007ffe7205d000 	C:\Xilinx\Vivado\2019.2\lib\win64.o\librdi_board.dll
0x00007ffe8ba80000 - 0x00007ffe8bbd2000 	C:\Xilinx\Vivado\2019.2\lib\win64.o\librdi_cd_client.dll
0x00007ffe48ae0000 - 0x00007ffe48f94000 	C:\Xilinx\Vivado\2019.2\lib\win64.o\librdi_bitstream.dll
0x00007ffe9cd30000 - 0x00007ffe9ce1f000 	C:\Xilinx\Vivado\2019.2\lib\win64.o\librdi_chipscope.dll
0x00007ffe487b0000 - 0x00007ffe48ad4000 	C:\Xilinx\Vivado\2019.2\lib\win64.o\librdi_containers.dll
0x00007ffe58bf0000 - 0x00007ffe58db0000 	C:\Xilinx\Vivado\2019.2\lib\win64.o\librdi_chipscopeimpl.dll
0x00007ffe46cd0000 - 0x00007ffe487aa000 	C:\Xilinx\Vivado\2019.2\lib\win64.o\librdi_constraints.dll
0x00007ffe465f0000 - 0x00007ffe46cc9000 	C:\Xilinx\Vivado\2019.2\lib\win64.o\librdi_coregenipxact.dll
0x00007ffe3fb90000 - 0x00007ffe43e5b000 	C:\Xilinx\Vivado\2019.2\lib\win64.o\librdi_designutils.dll
0x00007ffe462a0000 - 0x00007ffe465ea000 	C:\Xilinx\Vivado\2019.2\lib\win64.o\librdi_dlyest.dll
0x00007ffe43e60000 - 0x00007ffe45e50000 	C:\Xilinx\Vivado\2019.2\lib\win64.o\librdi_coregen.dll
0x00007ffe72a30000 - 0x00007ffe72af4000 	C:\Xilinx\Vivado\2019.2\lib\win64.o\librdi_dsp.dll
0x00007ffe3f5c0000 - 0x00007ffe3fb8d000 	C:\Xilinx\Vivado\2019.2\lib\win64.o\librdi_drc.dll
0x00007ffe20c50000 - 0x00007ffe212bb000 	C:\Xilinx\Vivado\2019.2\lib\win64.o\librdi_filemgmt.dll
0x00007ffe45f90000 - 0x00007ffe462a0000 	C:\Xilinx\Vivado\2019.2\lib\win64.o\librdi_guitools.dll
0x00007ffea8fc0000 - 0x00007ffea902a000 	C:\Xilinx\Vivado\2019.2\lib\win64.o\librdi_hdf.dll
0x00007ffe4f230000 - 0x00007ffe4f450000 	C:\Xilinx\Vivado\2019.2\lib\win64.o\librdi_hip_devdesign.dll
0x00007ffe4ca60000 - 0x00007ffe4cba8000 	C:\Xilinx\Vivado\2019.2\lib\win64.o\librdi_hip_perf_analysis.dll
0x00007ffe3ef80000 - 0x00007ffe3f5b1000 	C:\Xilinx\Vivado\2019.2\lib\win64.o\librdi_memdata.dll
0x00007ffea6740000 - 0x00007ffea67b4000 	C:\Xilinx\Vivado\2019.2\lib\win64.o\librdi_memoryarray.dll
0x00007ffe0a930000 - 0x00007ffe0c09d000 	C:\Xilinx\Vivado\2019.2\lib\win64.o\librdi_implflow.dll
0x00007ffea7be0000 - 0x00007ffea7c2c000 	C:\Xilinx\Vivado\2019.2\lib\win64.o\librdi_pfi.dll
0x00007ffe07470000 - 0x00007ffe07b53000 	C:\Xilinx\Vivado\2019.2\lib\win64.o\librdi_netlist.dll
0x00007ffe0c0a0000 - 0x00007ffe20c4b000 	C:\Xilinx\Vivado\2019.2\lib\win64.o\librdi_device.dll
0x00007ffe04880000 - 0x00007ffe04b9b000 	C:\Xilinx\Vivado\2019.2\lib\win64.o\librdi_platform.dll
0x00007ffe04070000 - 0x00007ffe0487b000 	C:\Xilinx\Vivado\2019.2\lib\win64.o\librdi_power.dll
0x00007ffe03370000 - 0x00007ffe03aa3000 	C:\Xilinx\Vivado\2019.2\lib\win64.o\librdi_psta.dll
0x00007ffe03ab0000 - 0x00007ffe0406a000 	C:\Xilinx\Vivado\2019.2\lib\win64.o\librdi_project.dll
0x00007ffe04ba0000 - 0x00007ffe07467000 	C:\Xilinx\Vivado\2019.2\lib\win64.o\librdi_place.dll
0x00007ffe71db0000 - 0x00007ffe71eb8000 	C:\Xilinx\Vivado\2019.2\lib\win64.o\librdi_runsbase.dll
0x00007ffe02ca0000 - 0x00007ffe03361000 	C:\Xilinx\Vivado\2019.2\lib\win64.o\librdi_rsb.dll
0x00007ffe02870000 - 0x00007ffe02c93000 	C:\Xilinx\Vivado\2019.2\lib\win64.o\librdi_runs.dll
0x00007ffe025f0000 - 0x00007ffe02865000 	C:\Xilinx\Vivado\2019.2\lib\win64.o\librdi_simdata.dll
0x00007ffe01760000 - 0x00007ffe025ed000 	C:\Xilinx\Vivado\2019.2\lib\win64.o\librdi_timing.dll
0x00007ffe015c0000 - 0x00007ffe01760000 	C:\Xilinx\Vivado\2019.2\lib\win64.o\librdi_cd_protocol.dll
0x00007ffe07b60000 - 0x00007ffe0a92b000 	C:\Xilinx\Vivado\2019.2\lib\win64.o\librdi_mig.dll
0x00007ffe01410000 - 0x00007ffe015b1000 	C:\Xilinx\Vivado\2019.2\lib\win64.o\librdi_advchipscopeimpl.dll
0x00007ffe9f7e0000 - 0x00007ffe9f82c000 	C:\Xilinx\Vivado\2019.2\lib\win64.o\libboost_serialization.dll
0x00007ffe58b10000 - 0x00007ffe58be7000 	C:\Xilinx\Vivado\2019.2\lib\win64.o\librdi_ipconfig_readwrite.dll
0x00007ffe9f790000 - 0x00007ffe9f7da000 	C:\Xilinx\Vivado\2019.2\lib\win64.o\librdi_noc_frameworks.dll
0x00007ffe01220000 - 0x00007ffe01404000 	C:\Xilinx\Vivado\2019.2\lib\win64.o\librdi_hip_config.dll
0x00007ffe00cd0000 - 0x00007ffe0121e000 	C:\Xilinx\Vivado\2019.2\lib\win64.o\librdi_xdm.dll
0x00007ffe72990000 - 0x00007ffe72a2e000 	C:\Xilinx\Vivado\2019.2\lib\win64.o\libise.dll
0x00007ffe00180000 - 0x00007ffe00cc7000 	C:\Xilinx\Vivado\2019.2\lib\win64.o\libverific.dll
0x00007ffe9f160000 - 0x00007ffe9f1aa000 	C:\Xilinx\Vivado\2019.2\lib\win64.o\librdi_wavedata_SimpleApi.dll

VM Arguments:
jvm_args: -Dsun.java2d.pmoffscreen=false -Dsun.java2d.xrender=false -Dsun.java2d.d3d=false -Dsun.awt.nopixfmt=true -Dsun.java2d.dpiaware=true -Dsun.java2d.uiScale.enabled=false -Xverify:none -Dswing.aatext=true -XX:-UsePerfData -Djdk.map.althashing.threshold=512 -XX:StringTableSize=4072 --add-opens=java.base/java.nio=ALL-UNNAMED --add-opens=java.desktop/sun.swing=ALL-UNNAMED --add-opens=java.desktop/javax.swing=ALL-UNNAMED --add-opens=java.desktop/javax.swing.tree=ALL-UNNAMED --add-opens=java.desktop/javax.swing.plaf.basic=ALL-UNNAMED --add-opens=java.desktop/javax.swing.plaf.synth=ALL-UNNAMED --add-opens=java.desktop/com.sun.awt=ALL-UNNAMED -XX:NewSize=60m -XX:MaxNewSize=60m -Xms128m -Xmx3072m -Xss5m 
java_command: <unknown>
java_class_path (initial): C:/Xilinx/Vivado/2019.2\lib\classes\alloy.jar;C:/Xilinx/Vivado/2019.2\lib\classes\autoesl-common.jar;C:/Xilinx/Vivado/2019.2\lib\classes\autoesl-models.jar;C:/Xilinx/Vivado/2019.2\lib\classes\autoesl-report.jar;C:/Xilinx/Vivado/2019.2\lib\classes\autopilot.scelaborator.jar;C:/Xilinx/Vivado/2019.2\lib\classes\autopilot.sourceprocessor.jar;C:/Xilinx/Vivado/2019.2\lib\classes\autopilot.tbprocessor.jar;C:/Xilinx/Vivado/2019.2\lib\classes\batik-anim.jar;C:/Xilinx/Vivado/2019.2\lib\classes\batik-awt-util.jar;C:/Xilinx/Vivado/2019.2\lib\classes\batik-bridge.jar;C:/Xilinx/Vivado/2019.2\lib\classes\batik-codec.jar;C:/Xilinx/Vivado/2019.2\lib\classes\batik-css.jar;C:/Xilinx/Vivado/2019.2\lib\classes\batik-dom.jar;C:/Xilinx/Vivado/2019.2\lib\classes\batik-ext.jar;C:/Xilinx/Vivado/2019.2\lib\classes\batik-gui-util.jar;C:/Xilinx/Vivado/2019.2\lib\classes\batik-gvt.jar;C:/Xilinx/Vivado/2019.2\lib\classes\batik-parser.jar;C:/Xilinx/Vivado/2019.2\lib\classes\batik-script.jar;C:/Xilinx/Vivado/2019.2\lib\classes\batik-svg-dom.jar;C:/Xilinx/Vivado/2019.2\lib\classes\batik-swing.jar;C:/Xilinx/Vivado/2019.2\lib\classes\batik-transcoder.jar;C:/Xilinx/Vivado/2019.2\lib\classes\batik-util.jar;C:/Xilinx/Vivado/2019.2\lib\classes\batik-xml.jar;C:/Xilinx/Vivado/2019.2\lib\classes\com.google.gson_2.7.0.v20170129-0911.jar;C:/Xilinx/Vivado/2019.2\lib\classes\com.google.guava_21.0.0.v20170206-1425.jar;C:/Xilinx/Vivado/2019.2\lib\classes\com.ibm.icu_4.4.2.v20110208.jar;C:/Xilinx/Vivado/2019.2\lib\classes\com.sigasi.hdt.connection_4.5.0.201909241521.jar;C:/Xilinx/Vivado/2019.2\lib\classes\com.sigasi.hdt.epl_4.5.0.201909241521.jar;C:/Xilinx/Vivado/2019.2\lib\classes\com.sigasi.hdt.project_4.5.0.201909241521.jar;C:/Xilinx/Vivado/2019.2\lib\classes\com.sigasi.hdt.readonlyfilesystem_4.5.0.201909241521.jar;C:/Xilinx/Vivado/2019.2\lib\classes\com.sigasi.lcm_4.5.0.201909241521.jar;C:/Xilinx/Vivado/2019.2\lib\classes\com.sigasi.sdk.client_4.5.0.201909241521.jar;C:/Xilinx/Vivado
Launcher Type: generic

Logging:
Log output configuration:
#0: stdout all=warning uptime,level,tags
#1: stderr all=off uptime,level,tags

Environment Variables:
PATH=C:/Xilinx/Vivado/2019.2\gnuwin\bin;C:/Xilinx/Vivado/2019.2\gnu\microblaze\nt\bin;C:/Xilinx/Vivado/2019.2/bin;C:/Xilinx/Vivado/2019.2/lib/win64.o;C:/Xilinx/Vivado/2019.2/tps/win64/jre9.0.4/bin/server;C:/Xilinx/Vivado/2019.2/tps/win64/jre9.0.4/bin;C:/Xilinx/Vivado/2019.2/ids_lite/ISE/bin/nt64;C:/Xilinx/Vivado/2019.2/ids_lite/ISE/lib/nt64;C:\Program Files (x86)\Common Files\Oracle\Java\java8path;C:\Program Files (x86)\Common Files\Oracle\Java\javapath;C:\WINDOWS\system32;C:\WINDOWS;C:\WINDOWS\System32\Wbem;C:\WINDOWS\System32\WindowsPowerShell\v1.0\;C:\WINDOWS\System32\OpenSSH\;C:\Program Files\MATLAB\R2023b\bin;C:\Users\Bohyeon\AppData\Local\Microsoft\WindowsApps;;C:/Xilinx/Vivado/2019.2\tps\mingw\6.2.0\win64.o\nt\bin;C:/Xilinx/Vivado/2019.2\tps\mingw\6.2.0\win64.o\nt\libexec\gcc\x86_64-w64-mingw32\6.2.0;C:/Xilinx/Vivado/2019.2\tps\win64\python-2.7.5;C:/Xilinx/Vivado/2019.2\tps\win64\python-2.7.5\bin;C:/Xilinx/Vivado/2019.2\tps\win64\python-2.7.5\lib;C:/Xilinx/Vivado/2019.2\tps\win64\python-2.7.5\Lib\lib-tk;C:/Xilinx/Vivado/2019.2\tps\win64\python-2.7.5\lib\site-packages
USERNAME=Bohyeon
OS=Windows_NT
PROCESSOR_IDENTIFIER=AMD64 Family 25 Model 80 Stepping 0, AuthenticAMD



---------------  S Y S T E M  ---------------

OS: Windows 10 , 64 bit Build 19041 (10.0.19041.3636)

CPU:total 16 (initial active 16) (16 cores per cpu, 1 threads per core) family 25 model 80 stepping 0, cmov, cx8, fxsr, mmx, sse, sse2, sse3, ssse3, sse4.1, sse4.2, popcnt, avx, avx2, aes, clmul, erms, mmxext, 3dnowpref, lzcnt, sse4a, tsc, tscinvbit, tscinv, bmi1

Memory: 4k page, physical 14513528k(6303516k free), swap 16741752k(3898240k free)

vm_info: Java HotSpot(TM) 64-Bit Server VM (9.0.4+11) for windows-amd64 JRE (9.0.4+11), built on Dec 20 2017 02:18:54 by "mach5one" with MS VC++ 12.0 (VS2013)

END.
