#-----------------------------------------------------------
# Vivado v2019.2 (64-bit)
# SW Build 2708876 on Wed Nov  6 21:40:23 MST 2019
# IP Build 2700528 on Thu Nov  7 00:09:20 MST 2019
# Start of session at: Fri May 17 21:47:18 2024
# Process ID: 9860
# Current directory: C:/2024_CA_LAB/LAB/week11/MIPS_pipeline/sim/xsim/MIPS_pipeline
# Command line: vivado.exe -gui_launcher_event rodinguilauncherevent5632 C:\2024_CA_LAB\LAB\week11\MIPS_pipeline\sim\xsim\MIPS_pipeline\MIPS_pipeline.xpr
# Log file: C:/2024_CA_LAB/LAB/week11/MIPS_pipeline/sim/xsim/MIPS_pipeline/vivado.log
# Journal file: C:/2024_CA_LAB/LAB/week11/MIPS_pipeline/sim/xsim/MIPS_pipeline\vivado.jou
#-----------------------------------------------------------
start_gui
open_project C:/2024_CA_LAB/LAB/week11/MIPS_pipeline/sim/xsim/MIPS_pipeline/MIPS_pipeline.xpr
Scanning sources...
Finished scanning sources
INFO: [IP_Flow 19-234] Refreshing IP repositories
INFO: [IP_Flow 19-1704] No user IP repositories specified
INFO: [IP_Flow 19-2313] Loaded Vivado IP repository 'C:/Xilinx/Vivado/2019.2/data/ip'.
open_project: Time (s): cpu = 00:00:13 ; elapsed = 00:00:05 . Memory (MB): peak = 947.031 ; gain = 214.184
launch_simulation
Command: launch_simulation 
boost::filesystem::remove: 다른 프로세스가 파일을 사용 중이기 때문에 프로세스가 액세스 할 수 없습니다: "C:/2024_CA_LAB/LAB/week11/MIPS_pipeline/sim/xsim/MIPS_pipeline/MIPS_pipeline.sim/sim_1/behav/xsim/simulate.log"
update_compile_order -fileset sources_1
launch_simulation
Command: launch_simulation 
boost::filesystem::remove: 다른 프로세스가 파일을 사용 중이기 때문에 프로세스가 액세스 할 수 없습니다: "C:/2024_CA_LAB/LAB/week11/MIPS_pipeline/sim/xsim/MIPS_pipeline/MIPS_pipeline.sim/sim_1/behav/xsim/simulate.log"
launch_simulation
Command: launch_simulation 
boost::filesystem::remove: 다른 프로세스가 파일을 사용 중이기 때문에 프로세스가 액세스 할 수 없습니다: "C:/2024_CA_LAB/LAB/week11/MIPS_pipeline/sim/xsim/MIPS_pipeline/MIPS_pipeline.sim/sim_1/behav/xsim/simulate.log"
exit
INFO: [Common 17-206] Exiting Vivado at Fri May 17 21:49:28 2024...
