#-----------------------------------------------------------
# Vivado v2019.2 (64-bit)
# SW Build 2708876 on Wed Nov  6 21:40:23 MST 2019
# IP Build 2700528 on Thu Nov  7 00:09:20 MST 2019
# Start of session at: Fri Jun  7 16:28:20 2024
# Process ID: 15228
# Current directory: C:/2024_CA_LAB/LAB/Final_Project_team1/hardware/sim/xsim_peripheral_led_tb/MIPS_System_LED_sim
# Command line: vivado.exe -gui_launcher_event rodinguilauncherevent32984 C:\2024_CA_LAB\LAB\Final_Project_team1\hardware\sim\xsim_peripheral_led_tb\MIPS_System_LED_sim\MIPS_System_LED_sim.xpr
# Log file: C:/2024_CA_LAB/LAB/Final_Project_team1/hardware/sim/xsim_peripheral_led_tb/MIPS_System_LED_sim/vivado.log
# Journal file: C:/2024_CA_LAB/LAB/Final_Project_team1/hardware/sim/xsim_peripheral_led_tb/MIPS_System_LED_sim\vivado.jou
#-----------------------------------------------------------
start_gui
open_project C:/2024_CA_LAB/LAB/Final_Project_team1/hardware/sim/xsim_peripheral_led_tb/MIPS_System_LED_sim/MIPS_System_LED_sim.xpr
INFO: [ProjectBase 1-489] The host OS only allows 260 characters in a normal path. The project is stored in a path with more than 80 characters. If you experience issues with IP, Block Designs, or files not being found, please consider moving the project to a location with a shorter path. Alternately consider using the OS subst command to map part of the path to a drive letter.
Current project path is 'C:/2024_CA_LAB/LAB/Final_Project_team1/hardware/sim/xsim_peripheral_led_tb/MIPS_System_LED_sim'
Scanning sources...
Finished scanning sources
INFO: [IP_Flow 19-234] Refreshing IP repositories
INFO: [IP_Flow 19-1704] No user IP repositories specified
INFO: [IP_Flow 19-2313] Loaded Vivado IP repository 'C:/Xilinx/Vivado/2019.2/data/ip'.
open_project: Time (s): cpu = 00:00:13 ; elapsed = 00:00:05 . Memory (MB): peak = 954.316 ; gain = 224.359
update_compile_order -fileset sources_1
exit
INFO: [Common 17-206] Exiting Vivado at Fri Jun  7 16:44:07 2024...
