#-----------------------------------------------------------
# Vivado v2019.2 (64-bit)
# SW Build 2708876 on Wed Nov  6 21:40:23 MST 2019
# IP Build 2700528 on Thu Nov  7 00:09:20 MST 2019
# Start of session at: Fri Mar 22 19:51:19 2024
# Process ID: 22980
# Current directory: C:/2024_CA_LAB/LAB/week03/hw_01_nonBlocking/sim/xsim/hw_01_nonBlocking
# Command line: vivado.exe -gui_launcher_event rodinguilauncherevent22360 C:\2024_CA_LAB\LAB\week03\hw_01_nonBlocking\sim\xsim\hw_01_nonBlocking\hw_01_nonBlocking.xpr
# Log file: C:/2024_CA_LAB/LAB/week03/hw_01_nonBlocking/sim/xsim/hw_01_nonBlocking/vivado.log
# Journal file: C:/2024_CA_LAB/LAB/week03/hw_01_nonBlocking/sim/xsim/hw_01_nonBlocking\vivado.jou
#-----------------------------------------------------------
start_gui
open_project C:/2024_CA_LAB/LAB/week03/hw_01_nonBlocking/sim/xsim/hw_01_nonBlocking/hw_01_nonBlocking.xpr
Scanning sources...
Finished scanning sources
INFO: [IP_Flow 19-234] Refreshing IP repositories
INFO: [IP_Flow 19-1704] No user IP repositories specified
INFO: [IP_Flow 19-2313] Loaded Vivado IP repository 'C:/Xilinx/Vivado/2019.2/data/ip'.
update_compile_order -fileset sources_1
export_ip_user_files -of_objects  [get_files C:/2024_CA_LAB/LAB/week03/hw_01_nonBlocking/sim/xsim/hw_01_nonBlocking/hw_01_nonBlocking.srcs/sources_1/new/tb_nonBlocking.v] -no_script -reset -force -quiet
remove_files  C:/2024_CA_LAB/LAB/week03/hw_01_nonBlocking/sim/xsim/hw_01_nonBlocking/hw_01_nonBlocking.srcs/sources_1/new/tb_nonBlocking.v
add_files -norecurse C:/2024_CA_LAB/LAB/week03/hw_02_Blocking/testbench/tb_Blocking.v
update_compile_order -fileset sources_1
update_compile_order -fileset sources_1
update_compile_order -fileset sources_1
launch_simulation
Command: launch_simulation 
INFO: [Vivado 12-5682] Launching behavioral simulation in 'C:/2024_CA_LAB/LAB/week03/hw_01_nonBlocking/sim/xsim/hw_01_nonBlocking/hw_01_nonBlocking.sim/sim_1/behav/xsim'
INFO: [SIM-utils-51] Simulation object is 'sim_1'
INFO: [SIM-utils-54] Inspecting design source files for 'tb_nonBlocking' in fileset 'sim_1'...
INFO: [USF-XSim-97] Finding global include files...
INFO: [USF-XSim-98] Fetching design files from 'sim_1'...
INFO: [USF-XSim-2] XSim::Compile design
INFO: [USF-XSim-61] Executing 'COMPILE and ANALYZE' step in 'C:/2024_CA_LAB/LAB/week03/hw_01_nonBlocking/sim/xsim/hw_01_nonBlocking/hw_01_nonBlocking.sim/sim_1/behav/xsim'
"xvlog --incr --relax -prj tb_nonBlocking_vlog.prj"
INFO: [VRFC 10-2263] Analyzing Verilog file "C:/2024_CA_LAB/LAB/week03/hw_01_nonBlocking/sim/xsim/hw_01_nonBlocking/hw_01_nonBlocking.srcs/sources_1/new/nonBlocking.v" into library xil_defaultlib
INFO: [VRFC 10-311] analyzing module nonBlocking
INFO: [VRFC 10-2263] Analyzing Verilog file "C:/2024_CA_LAB/LAB/week03/hw_02_Blocking/testbench/tb_Blocking.v" into library xil_defaultlib
INFO: [VRFC 10-311] analyzing module tb_nonBlocking
INFO: [VRFC 10-2263] Analyzing Verilog file "C:/2024_CA_LAB/LAB/week03/hw_01_nonBlocking/sim/xsim/hw_01_nonBlocking/hw_01_nonBlocking.sim/sim_1/behav/xsim/glbl.v" into library xil_defaultlib
INFO: [VRFC 10-311] analyzing module glbl
INFO: [USF-XSim-69] 'compile' step finished in '1' seconds
INFO: [USF-XSim-3] XSim::Elaborate design
INFO: [USF-XSim-61] Executing 'ELABORATE' step in 'C:/2024_CA_LAB/LAB/week03/hw_01_nonBlocking/sim/xsim/hw_01_nonBlocking/hw_01_nonBlocking.sim/sim_1/behav/xsim'
"xelab -wto 23f5463b76a24100866dcb8b54796f73 --incr --debug typical --relax --mt 2 -L xil_defaultlib -L unisims_ver -L unimacro_ver -L secureip --snapshot tb_nonBlocking_behav xil_defaultlib.tb_nonBlocking xil_defaultlib.glbl -log elaborate.log"
Vivado Simulator 2019.2
Copyright 1986-1999, 2001-2019 Xilinx, Inc. All Rights Reserved.
Running: C:/Xilinx/Vivado/2019.2/bin/unwrapped/win64.o/xelab.exe -wto 23f5463b76a24100866dcb8b54796f73 --incr --debug typical --relax --mt 2 -L xil_defaultlib -L unisims_ver -L unimacro_ver -L secureip --snapshot tb_nonBlocking_behav xil_defaultlib.tb_nonBlocking xil_defaultlib.glbl -log elaborate.log 
Using 2 slave threads.
Starting static elaboration
Pass Through NonSizing Optimizer
Completed static elaboration
Starting simulation data flow analysis
WARNING: [XSIM 43-4099] "C:/2024_CA_LAB/LAB/week03/hw_01_nonBlocking/sim/xsim/hw_01_nonBlocking/hw_01_nonBlocking.srcs/sources_1/new/nonBlocking.v" Line 1. Module nonBlocking doesn't have a timescale but at least one module in design has a timescale.
Completed simulation data flow analysis
Time Resolution for simulation is 1ps
Compiling module xil_defaultlib.nonBlocking
Compiling module xil_defaultlib.tb_nonBlocking
Compiling module xil_defaultlib.glbl
Built simulation snapshot tb_nonBlocking_behav

****** Webtalk v2019.2 (64-bit)
  **** SW Build 2708876 on Wed Nov  6 21:40:23 MST 2019
  **** IP Build 2700528 on Thu Nov  7 00:09:20 MST 2019
    ** Copyright 1986-2019 Xilinx, Inc. All Rights Reserved.

source C:/2024_CA_LAB/LAB/week03/hw_01_nonBlocking/sim/xsim/hw_01_nonBlocking/hw_01_nonBlocking.sim/sim_1/behav/xsim/xsim.dir/tb_nonBlocking_behav/webtalk/xsim_webtalk.tcl -notrace
INFO: [Common 17-206] Exiting Webtalk at Fri Mar 22 19:53:34 2024...
INFO: [USF-XSim-69] 'elaborate' step finished in '4' seconds
INFO: [USF-XSim-4] XSim::Simulate design
INFO: [USF-XSim-61] Executing 'SIMULATE' step in 'C:/2024_CA_LAB/LAB/week03/hw_01_nonBlocking/sim/xsim/hw_01_nonBlocking/hw_01_nonBlocking.sim/sim_1/behav/xsim'
INFO: [USF-XSim-98] *** Running xsim
   with args "tb_nonBlocking_behav -key {Behavioral:sim_1:Functional:tb_nonBlocking} -tclbatch {tb_nonBlocking.tcl} -log {simulate.log}"
INFO: [USF-XSim-8] Loading simulator feature
Vivado Simulator 2019.2
Time resolution is 1 ps
source tb_nonBlocking.tcl
# set curr_wave [current_wave_config]
# if { [string length $curr_wave] == 0 } {
#   if { [llength [get_objects]] > 0} {
#     add_wave /
#     set_property needs_save false [current_wave_config]
#   } else {
#      send_msg_id Add_Wave-1 WARNING "No top level signals found. Simulator will start without a wave window. If you want to open a wave window go to 'File->New Waveform Configuration' or type 'create_wave_config' in the TCL console."
#   }
# }
# run 1000ns
$stop called at time : 40 ns : File "C:/2024_CA_LAB/LAB/week03/hw_02_Blocking/testbench/tb_Blocking.v" Line 32
INFO: [USF-XSim-96] XSim completed. Design snapshot 'tb_nonBlocking_behav' loaded.
INFO: [USF-XSim-97] XSim simulation ran for 1000ns
launch_simulation: Time (s): cpu = 00:00:09 ; elapsed = 00:00:10 . Memory (MB): peak = 1001.441 ; gain = 14.211
current_wave_config {Untitled 1}
Untitled 1
add_wave {{/tb_nonBlocking/dut/b}} 
current_wave_config {Untitled 1}
Untitled 1
add_wave {{/tb_nonBlocking/dut/b}} 
close_sim
INFO: [Simtcl 6-16] Simulation closed
launch_simulation
Command: launch_simulation 
INFO: [Vivado 12-5682] Launching behavioral simulation in 'C:/2024_CA_LAB/LAB/week03/hw_01_nonBlocking/sim/xsim/hw_01_nonBlocking/hw_01_nonBlocking.sim/sim_1/behav/xsim'
INFO: [SIM-utils-51] Simulation object is 'sim_1'
INFO: [SIM-utils-54] Inspecting design source files for 'tb_nonBlocking' in fileset 'sim_1'...
INFO: [USF-XSim-97] Finding global include files...
INFO: [USF-XSim-98] Fetching design files from 'sim_1'...
INFO: [USF-XSim-2] XSim::Compile design
INFO: [USF-XSim-61] Executing 'COMPILE and ANALYZE' step in 'C:/2024_CA_LAB/LAB/week03/hw_01_nonBlocking/sim/xsim/hw_01_nonBlocking/hw_01_nonBlocking.sim/sim_1/behav/xsim'
"xvlog --incr --relax -prj tb_nonBlocking_vlog.prj"
INFO: [USF-XSim-69] 'compile' step finished in '1' seconds
INFO: [USF-XSim-3] XSim::Elaborate design
INFO: [USF-XSim-61] Executing 'ELABORATE' step in 'C:/2024_CA_LAB/LAB/week03/hw_01_nonBlocking/sim/xsim/hw_01_nonBlocking/hw_01_nonBlocking.sim/sim_1/behav/xsim'
"xelab -wto 23f5463b76a24100866dcb8b54796f73 --incr --debug typical --relax --mt 2 -L xil_defaultlib -L unisims_ver -L unimacro_ver -L secureip --snapshot tb_nonBlocking_behav xil_defaultlib.tb_nonBlocking xil_defaultlib.glbl -log elaborate.log"
Vivado Simulator 2019.2
Copyright 1986-1999, 2001-2019 Xilinx, Inc. All Rights Reserved.
Running: C:/Xilinx/Vivado/2019.2/bin/unwrapped/win64.o/xelab.exe -wto 23f5463b76a24100866dcb8b54796f73 --incr --debug typical --relax --mt 2 -L xil_defaultlib -L unisims_ver -L unimacro_ver -L secureip --snapshot tb_nonBlocking_behav xil_defaultlib.tb_nonBlocking xil_defaultlib.glbl -log elaborate.log 
Using 2 slave threads.
Starting static elaboration
Pass Through NonSizing Optimizer
Completed static elaboration
INFO: [XSIM 43-4323] No Change in HDL. Linking previously generated obj files to create kernel
INFO: [USF-XSim-69] 'elaborate' step finished in '2' seconds
INFO: [USF-XSim-4] XSim::Simulate design
INFO: [USF-XSim-61] Executing 'SIMULATE' step in 'C:/2024_CA_LAB/LAB/week03/hw_01_nonBlocking/sim/xsim/hw_01_nonBlocking/hw_01_nonBlocking.sim/sim_1/behav/xsim'
INFO: [USF-XSim-98] *** Running xsim
   with args "tb_nonBlocking_behav -key {Behavioral:sim_1:Functional:tb_nonBlocking} -tclbatch {tb_nonBlocking.tcl} -log {simulate.log}"
INFO: [USF-XSim-8] Loading simulator feature
Vivado Simulator 2019.2
Time resolution is 1 ps
source tb_nonBlocking.tcl
# set curr_wave [current_wave_config]
# if { [string length $curr_wave] == 0 } {
#   if { [llength [get_objects]] > 0} {
#     add_wave /
#     set_property needs_save false [current_wave_config]
#   } else {
#      send_msg_id Add_Wave-1 WARNING "No top level signals found. Simulator will start without a wave window. If you want to open a wave window go to 'File->New Waveform Configuration' or type 'create_wave_config' in the TCL console."
#   }
# }
# run 1000ns
$stop called at time : 40 ns : File "C:/2024_CA_LAB/LAB/week03/hw_02_Blocking/testbench/tb_Blocking.v" Line 32
INFO: [USF-XSim-96] XSim completed. Design snapshot 'tb_nonBlocking_behav' loaded.
INFO: [USF-XSim-97] XSim simulation ran for 1000ns
launch_simulation: Time (s): cpu = 00:00:04 ; elapsed = 00:00:06 . Memory (MB): peak = 1012.555 ; gain = 0.000
relaunch_sim
Command: launch_simulation -simset sim_1 -mode behavioral
INFO: [Vivado 12-5682] Launching behavioral simulation in 'C:/2024_CA_LAB/LAB/week03/hw_01_nonBlocking/sim/xsim/hw_01_nonBlocking/hw_01_nonBlocking.sim/sim_1/behav/xsim'
INFO: [SIM-utils-51] Simulation object is 'sim_1'
INFO: [SIM-utils-54] Inspecting design source files for 'tb_nonBlocking' in fileset 'sim_1'...
INFO: [USF-XSim-97] Finding global include files...
INFO: [USF-XSim-98] Fetching design files from 'sim_1'...
INFO: [USF-XSim-2] XSim::Compile design
INFO: [USF-XSim-61] Executing 'COMPILE and ANALYZE' step in 'C:/2024_CA_LAB/LAB/week03/hw_01_nonBlocking/sim/xsim/hw_01_nonBlocking/hw_01_nonBlocking.sim/sim_1/behav/xsim'
"xvlog --incr --relax -prj tb_nonBlocking_vlog.prj"
INFO: [USF-XSim-69] 'compile' step finished in '1' seconds
Command: launch_simulation -simset sim_1 -mode behavioral
INFO: [Vivado 12-5682] Launching behavioral simulation in 'C:/2024_CA_LAB/LAB/week03/hw_01_nonBlocking/sim/xsim/hw_01_nonBlocking/hw_01_nonBlocking.sim/sim_1/behav/xsim'
INFO: [USF-XSim-3] XSim::Elaborate design
INFO: [USF-XSim-61] Executing 'ELABORATE' step in 'C:/2024_CA_LAB/LAB/week03/hw_01_nonBlocking/sim/xsim/hw_01_nonBlocking/hw_01_nonBlocking.sim/sim_1/behav/xsim'
"xelab -wto 23f5463b76a24100866dcb8b54796f73 --incr --debug typical --relax --mt 2 -L xil_defaultlib -L unisims_ver -L unimacro_ver -L secureip --snapshot tb_nonBlocking_behav xil_defaultlib.tb_nonBlocking xil_defaultlib.glbl -log elaborate.log"
Vivado Simulator 2019.2
Copyright 1986-1999, 2001-2019 Xilinx, Inc. All Rights Reserved.
Running: C:/Xilinx/Vivado/2019.2/bin/unwrapped/win64.o/xelab.exe -wto 23f5463b76a24100866dcb8b54796f73 --incr --debug typical --relax --mt 2 -L xil_defaultlib -L unisims_ver -L unimacro_ver -L secureip --snapshot tb_nonBlocking_behav xil_defaultlib.tb_nonBlocking xil_defaultlib.glbl -log elaborate.log 
Using 2 slave threads.
Starting static elaboration
Pass Through NonSizing Optimizer
Completed static elaboration
INFO: [XSIM 43-4323] No Change in HDL. Linking previously generated obj files to create kernel
INFO: [USF-XSim-69] 'elaborate' step finished in '2' seconds
Vivado Simulator 2019.2
Time resolution is 1 ps
$stop called at time : 40 ns : File "C:/2024_CA_LAB/LAB/week03/hw_02_Blocking/testbench/tb_Blocking.v" Line 32
relaunch_sim: Time (s): cpu = 00:00:01 ; elapsed = 00:00:06 . Memory (MB): peak = 1012.555 ; gain = 0.000
synth_design -rtl -name rtl_1
Command: synth_design -rtl -name rtl_1
Starting synth_design
Using part: xc7a200tffg1156-2L
Top: tb_nonBlocking
INFO: [Device 21-403] Loading part xc7a200tffg1156-2L
---------------------------------------------------------------------------------
Starting RTL Elaboration : Time (s): cpu = 00:00:04 ; elapsed = 00:00:03 . Memory (MB): peak = 1519.738 ; gain = 229.227
---------------------------------------------------------------------------------
INFO: [Synth 8-6157] synthesizing module 'tb_nonBlocking' [C:/2024_CA_LAB/LAB/week03/hw_02_Blocking/testbench/tb_Blocking.v:3]
WARNING: [Synth 8-311] ignoring non-constant assignment in initial block [C:/2024_CA_LAB/LAB/week03/hw_02_Blocking/testbench/tb_Blocking.v:17]
WARNING: [Synth 8-311] ignoring non-constant assignment in initial block [C:/2024_CA_LAB/LAB/week03/hw_02_Blocking/testbench/tb_Blocking.v:17]
WARNING: [Synth 8-311] ignoring non-constant assignment in initial block [C:/2024_CA_LAB/LAB/week03/hw_02_Blocking/testbench/tb_Blocking.v:17]
WARNING: [Synth 8-311] ignoring non-constant assignment in initial block [C:/2024_CA_LAB/LAB/week03/hw_02_Blocking/testbench/tb_Blocking.v:17]
WARNING: [Synth 8-311] ignoring non-constant assignment in initial block [C:/2024_CA_LAB/LAB/week03/hw_02_Blocking/testbench/tb_Blocking.v:17]
WARNING: [Synth 8-311] ignoring non-constant assignment in initial block [C:/2024_CA_LAB/LAB/week03/hw_02_Blocking/testbench/tb_Blocking.v:17]
WARNING: [Synth 8-311] ignoring non-constant assignment in initial block [C:/2024_CA_LAB/LAB/week03/hw_02_Blocking/testbench/tb_Blocking.v:17]
WARNING: [Synth 8-311] ignoring non-constant assignment in initial block [C:/2024_CA_LAB/LAB/week03/hw_02_Blocking/testbench/tb_Blocking.v:17]
WARNING: [Synth 8-311] ignoring non-constant assignment in initial block [C:/2024_CA_LAB/LAB/week03/hw_02_Blocking/testbench/tb_Blocking.v:17]
WARNING: [Synth 8-311] ignoring non-constant assignment in initial block [C:/2024_CA_LAB/LAB/week03/hw_02_Blocking/testbench/tb_Blocking.v:17]
WARNING: [Synth 8-311] ignoring non-constant assignment in initial block [C:/2024_CA_LAB/LAB/week03/hw_02_Blocking/testbench/tb_Blocking.v:17]
WARNING: [Synth 8-311] ignoring non-constant assignment in initial block [C:/2024_CA_LAB/LAB/week03/hw_02_Blocking/testbench/tb_Blocking.v:17]
WARNING: [Synth 8-311] ignoring non-constant assignment in initial block [C:/2024_CA_LAB/LAB/week03/hw_02_Blocking/testbench/tb_Blocking.v:17]
WARNING: [Synth 8-311] ignoring non-constant assignment in initial block [C:/2024_CA_LAB/LAB/week03/hw_02_Blocking/testbench/tb_Blocking.v:17]
WARNING: [Synth 8-311] ignoring non-constant assignment in initial block [C:/2024_CA_LAB/LAB/week03/hw_02_Blocking/testbench/tb_Blocking.v:17]
WARNING: [Synth 8-311] ignoring non-constant assignment in initial block [C:/2024_CA_LAB/LAB/week03/hw_02_Blocking/testbench/tb_Blocking.v:17]
WARNING: [Synth 8-311] ignoring non-constant assignment in initial block [C:/2024_CA_LAB/LAB/week03/hw_02_Blocking/testbench/tb_Blocking.v:17]
WARNING: [Synth 8-311] ignoring non-constant assignment in initial block [C:/2024_CA_LAB/LAB/week03/hw_02_Blocking/testbench/tb_Blocking.v:17]
WARNING: [Synth 8-311] ignoring non-constant assignment in initial block [C:/2024_CA_LAB/LAB/week03/hw_02_Blocking/testbench/tb_Blocking.v:17]
WARNING: [Synth 8-311] ignoring non-constant assignment in initial block [C:/2024_CA_LAB/LAB/week03/hw_02_Blocking/testbench/tb_Blocking.v:17]
WARNING: [Synth 8-311] ignoring non-constant assignment in initial block [C:/2024_CA_LAB/LAB/week03/hw_02_Blocking/testbench/tb_Blocking.v:17]
WARNING: [Synth 8-311] ignoring non-constant assignment in initial block [C:/2024_CA_LAB/LAB/week03/hw_02_Blocking/testbench/tb_Blocking.v:17]
WARNING: [Synth 8-311] ignoring non-constant assignment in initial block [C:/2024_CA_LAB/LAB/week03/hw_02_Blocking/testbench/tb_Blocking.v:17]
WARNING: [Synth 8-311] ignoring non-constant assignment in initial block [C:/2024_CA_LAB/LAB/week03/hw_02_Blocking/testbench/tb_Blocking.v:17]
WARNING: [Synth 8-311] ignoring non-constant assignment in initial block [C:/2024_CA_LAB/LAB/week03/hw_02_Blocking/testbench/tb_Blocking.v:17]
WARNING: [Synth 8-311] ignoring non-constant assignment in initial block [C:/2024_CA_LAB/LAB/week03/hw_02_Blocking/testbench/tb_Blocking.v:17]
WARNING: [Synth 8-311] ignoring non-constant assignment in initial block [C:/2024_CA_LAB/LAB/week03/hw_02_Blocking/testbench/tb_Blocking.v:17]
WARNING: [Synth 8-311] ignoring non-constant assignment in initial block [C:/2024_CA_LAB/LAB/week03/hw_02_Blocking/testbench/tb_Blocking.v:17]
WARNING: [Synth 8-311] ignoring non-constant assignment in initial block [C:/2024_CA_LAB/LAB/week03/hw_02_Blocking/testbench/tb_Blocking.v:17]
WARNING: [Synth 8-311] ignoring non-constant assignment in initial block [C:/2024_CA_LAB/LAB/week03/hw_02_Blocking/testbench/tb_Blocking.v:17]
WARNING: [Synth 8-311] ignoring non-constant assignment in initial block [C:/2024_CA_LAB/LAB/week03/hw_02_Blocking/testbench/tb_Blocking.v:17]
WARNING: [Synth 8-311] ignoring non-constant assignment in initial block [C:/2024_CA_LAB/LAB/week03/hw_02_Blocking/testbench/tb_Blocking.v:17]
WARNING: [Synth 8-311] ignoring non-constant assignment in initial block [C:/2024_CA_LAB/LAB/week03/hw_02_Blocking/testbench/tb_Blocking.v:17]
WARNING: [Synth 8-311] ignoring non-constant assignment in initial block [C:/2024_CA_LAB/LAB/week03/hw_02_Blocking/testbench/tb_Blocking.v:17]
WARNING: [Synth 8-311] ignoring non-constant assignment in initial block [C:/2024_CA_LAB/LAB/week03/hw_02_Blocking/testbench/tb_Blocking.v:17]
WARNING: [Synth 8-311] ignoring non-constant assignment in initial block [C:/2024_CA_LAB/LAB/week03/hw_02_Blocking/testbench/tb_Blocking.v:17]
WARNING: [Synth 8-311] ignoring non-constant assignment in initial block [C:/2024_CA_LAB/LAB/week03/hw_02_Blocking/testbench/tb_Blocking.v:17]
WARNING: [Synth 8-311] ignoring non-constant assignment in initial block [C:/2024_CA_LAB/LAB/week03/hw_02_Blocking/testbench/tb_Blocking.v:17]
WARNING: [Synth 8-311] ignoring non-constant assignment in initial block [C:/2024_CA_LAB/LAB/week03/hw_02_Blocking/testbench/tb_Blocking.v:17]
WARNING: [Synth 8-311] ignoring non-constant assignment in initial block [C:/2024_CA_LAB/LAB/week03/hw_02_Blocking/testbench/tb_Blocking.v:17]
WARNING: [Synth 8-311] ignoring non-constant assignment in initial block [C:/2024_CA_LAB/LAB/week03/hw_02_Blocking/testbench/tb_Blocking.v:17]
WARNING: [Synth 8-311] ignoring non-constant assignment in initial block [C:/2024_CA_LAB/LAB/week03/hw_02_Blocking/testbench/tb_Blocking.v:17]
WARNING: [Synth 8-311] ignoring non-constant assignment in initial block [C:/2024_CA_LAB/LAB/week03/hw_02_Blocking/testbench/tb_Blocking.v:17]
WARNING: [Synth 8-311] ignoring non-constant assignment in initial block [C:/2024_CA_LAB/LAB/week03/hw_02_Blocking/testbench/tb_Blocking.v:17]
WARNING: [Synth 8-311] ignoring non-constant assignment in initial block [C:/2024_CA_LAB/LAB/week03/hw_02_Blocking/testbench/tb_Blocking.v:17]
WARNING: [Synth 8-311] ignoring non-constant assignment in initial block [C:/2024_CA_LAB/LAB/week03/hw_02_Blocking/testbench/tb_Blocking.v:17]
WARNING: [Synth 8-311] ignoring non-constant assignment in initial block [C:/2024_CA_LAB/LAB/week03/hw_02_Blocking/testbench/tb_Blocking.v:17]
WARNING: [Synth 8-311] ignoring non-constant assignment in initial block [C:/2024_CA_LAB/LAB/week03/hw_02_Blocking/testbench/tb_Blocking.v:17]
WARNING: [Synth 8-311] ignoring non-constant assignment in initial block [C:/2024_CA_LAB/LAB/week03/hw_02_Blocking/testbench/tb_Blocking.v:17]
WARNING: [Synth 8-311] ignoring non-constant assignment in initial block [C:/2024_CA_LAB/LAB/week03/hw_02_Blocking/testbench/tb_Blocking.v:17]
WARNING: [Synth 8-311] ignoring non-constant assignment in initial block [C:/2024_CA_LAB/LAB/week03/hw_02_Blocking/testbench/tb_Blocking.v:17]
WARNING: [Synth 8-311] ignoring non-constant assignment in initial block [C:/2024_CA_LAB/LAB/week03/hw_02_Blocking/testbench/tb_Blocking.v:17]
WARNING: [Synth 8-311] ignoring non-constant assignment in initial block [C:/2024_CA_LAB/LAB/week03/hw_02_Blocking/testbench/tb_Blocking.v:17]
WARNING: [Synth 8-311] ignoring non-constant assignment in initial block [C:/2024_CA_LAB/LAB/week03/hw_02_Blocking/testbench/tb_Blocking.v:17]
WARNING: [Synth 8-311] ignoring non-constant assignment in initial block [C:/2024_CA_LAB/LAB/week03/hw_02_Blocking/testbench/tb_Blocking.v:17]
WARNING: [Synth 8-311] ignoring non-constant assignment in initial block [C:/2024_CA_LAB/LAB/week03/hw_02_Blocking/testbench/tb_Blocking.v:17]
WARNING: [Synth 8-311] ignoring non-constant assignment in initial block [C:/2024_CA_LAB/LAB/week03/hw_02_Blocking/testbench/tb_Blocking.v:17]
WARNING: [Synth 8-311] ignoring non-constant assignment in initial block [C:/2024_CA_LAB/LAB/week03/hw_02_Blocking/testbench/tb_Blocking.v:17]
WARNING: [Synth 8-311] ignoring non-constant assignment in initial block [C:/2024_CA_LAB/LAB/week03/hw_02_Blocking/testbench/tb_Blocking.v:17]
WARNING: [Synth 8-311] ignoring non-constant assignment in initial block [C:/2024_CA_LAB/LAB/week03/hw_02_Blocking/testbench/tb_Blocking.v:17]
WARNING: [Synth 8-311] ignoring non-constant assignment in initial block [C:/2024_CA_LAB/LAB/week03/hw_02_Blocking/testbench/tb_Blocking.v:17]
WARNING: [Synth 8-311] ignoring non-constant assignment in initial block [C:/2024_CA_LAB/LAB/week03/hw_02_Blocking/testbench/tb_Blocking.v:17]
WARNING: [Synth 8-311] ignoring non-constant assignment in initial block [C:/2024_CA_LAB/LAB/week03/hw_02_Blocking/testbench/tb_Blocking.v:17]
WARNING: [Synth 8-311] ignoring non-constant assignment in initial block [C:/2024_CA_LAB/LAB/week03/hw_02_Blocking/testbench/tb_Blocking.v:17]
WARNING: [Synth 8-311] ignoring non-constant assignment in initial block [C:/2024_CA_LAB/LAB/week03/hw_02_Blocking/testbench/tb_Blocking.v:17]
WARNING: [Synth 8-311] ignoring non-constant assignment in initial block [C:/2024_CA_LAB/LAB/week03/hw_02_Blocking/testbench/tb_Blocking.v:17]
WARNING: [Synth 8-311] ignoring non-constant assignment in initial block [C:/2024_CA_LAB/LAB/week03/hw_02_Blocking/testbench/tb_Blocking.v:17]
WARNING: [Synth 8-311] ignoring non-constant assignment in initial block [C:/2024_CA_LAB/LAB/week03/hw_02_Blocking/testbench/tb_Blocking.v:17]
WARNING: [Synth 8-311] ignoring non-constant assignment in initial block [C:/2024_CA_LAB/LAB/week03/hw_02_Blocking/testbench/tb_Blocking.v:17]
WARNING: [Synth 8-311] ignoring non-constant assignment in initial block [C:/2024_CA_LAB/LAB/week03/hw_02_Blocking/testbench/tb_Blocking.v:17]
WARNING: [Synth 8-311] ignoring non-constant assignment in initial block [C:/2024_CA_LAB/LAB/week03/hw_02_Blocking/testbench/tb_Blocking.v:17]
WARNING: [Synth 8-311] ignoring non-constant assignment in initial block [C:/2024_CA_LAB/LAB/week03/hw_02_Blocking/testbench/tb_Blocking.v:17]
WARNING: [Synth 8-311] ignoring non-constant assignment in initial block [C:/2024_CA_LAB/LAB/week03/hw_02_Blocking/testbench/tb_Blocking.v:17]
WARNING: [Synth 8-311] ignoring non-constant assignment in initial block [C:/2024_CA_LAB/LAB/week03/hw_02_Blocking/testbench/tb_Blocking.v:17]
WARNING: [Synth 8-311] ignoring non-constant assignment in initial block [C:/2024_CA_LAB/LAB/week03/hw_02_Blocking/testbench/tb_Blocking.v:17]
WARNING: [Synth 8-311] ignoring non-constant assignment in initial block [C:/2024_CA_LAB/LAB/week03/hw_02_Blocking/testbench/tb_Blocking.v:17]
WARNING: [Synth 8-311] ignoring non-constant assignment in initial block [C:/2024_CA_LAB/LAB/week03/hw_02_Blocking/testbench/tb_Blocking.v:17]
WARNING: [Synth 8-311] ignoring non-constant assignment in initial block [C:/2024_CA_LAB/LAB/week03/hw_02_Blocking/testbench/tb_Blocking.v:17]
WARNING: [Synth 8-311] ignoring non-constant assignment in initial block [C:/2024_CA_LAB/LAB/week03/hw_02_Blocking/testbench/tb_Blocking.v:17]
WARNING: [Synth 8-311] ignoring non-constant assignment in initial block [C:/2024_CA_LAB/LAB/week03/hw_02_Blocking/testbench/tb_Blocking.v:17]
WARNING: [Synth 8-311] ignoring non-constant assignment in initial block [C:/2024_CA_LAB/LAB/week03/hw_02_Blocking/testbench/tb_Blocking.v:17]
WARNING: [Synth 8-311] ignoring non-constant assignment in initial block [C:/2024_CA_LAB/LAB/week03/hw_02_Blocking/testbench/tb_Blocking.v:17]
WARNING: [Synth 8-311] ignoring non-constant assignment in initial block [C:/2024_CA_LAB/LAB/week03/hw_02_Blocking/testbench/tb_Blocking.v:17]
WARNING: [Synth 8-311] ignoring non-constant assignment in initial block [C:/2024_CA_LAB/LAB/week03/hw_02_Blocking/testbench/tb_Blocking.v:17]
WARNING: [Synth 8-311] ignoring non-constant assignment in initial block [C:/2024_CA_LAB/LAB/week03/hw_02_Blocking/testbench/tb_Blocking.v:17]
WARNING: [Synth 8-311] ignoring non-constant assignment in initial block [C:/2024_CA_LAB/LAB/week03/hw_02_Blocking/testbench/tb_Blocking.v:17]
WARNING: [Synth 8-311] ignoring non-constant assignment in initial block [C:/2024_CA_LAB/LAB/week03/hw_02_Blocking/testbench/tb_Blocking.v:17]
WARNING: [Synth 8-311] ignoring non-constant assignment in initial block [C:/2024_CA_LAB/LAB/week03/hw_02_Blocking/testbench/tb_Blocking.v:17]
WARNING: [Synth 8-311] ignoring non-constant assignment in initial block [C:/2024_CA_LAB/LAB/week03/hw_02_Blocking/testbench/tb_Blocking.v:17]
WARNING: [Synth 8-311] ignoring non-constant assignment in initial block [C:/2024_CA_LAB/LAB/week03/hw_02_Blocking/testbench/tb_Blocking.v:17]
WARNING: [Synth 8-311] ignoring non-constant assignment in initial block [C:/2024_CA_LAB/LAB/week03/hw_02_Blocking/testbench/tb_Blocking.v:17]
WARNING: [Synth 8-311] ignoring non-constant assignment in initial block [C:/2024_CA_LAB/LAB/week03/hw_02_Blocking/testbench/tb_Blocking.v:17]
WARNING: [Synth 8-311] ignoring non-constant assignment in initial block [C:/2024_CA_LAB/LAB/week03/hw_02_Blocking/testbench/tb_Blocking.v:17]
WARNING: [Synth 8-311] ignoring non-constant assignment in initial block [C:/2024_CA_LAB/LAB/week03/hw_02_Blocking/testbench/tb_Blocking.v:17]
WARNING: [Synth 8-311] ignoring non-constant assignment in initial block [C:/2024_CA_LAB/LAB/week03/hw_02_Blocking/testbench/tb_Blocking.v:17]
WARNING: [Synth 8-311] ignoring non-constant assignment in initial block [C:/2024_CA_LAB/LAB/week03/hw_02_Blocking/testbench/tb_Blocking.v:17]
WARNING: [Synth 8-311] ignoring non-constant assignment in initial block [C:/2024_CA_LAB/LAB/week03/hw_02_Blocking/testbench/tb_Blocking.v:17]
WARNING: [Synth 8-311] ignoring non-constant assignment in initial block [C:/2024_CA_LAB/LAB/week03/hw_02_Blocking/testbench/tb_Blocking.v:17]
WARNING: [Synth 8-311] ignoring non-constant assignment in initial block [C:/2024_CA_LAB/LAB/week03/hw_02_Blocking/testbench/tb_Blocking.v:17]
WARNING: [Synth 8-311] ignoring non-constant assignment in initial block [C:/2024_CA_LAB/LAB/week03/hw_02_Blocking/testbench/tb_Blocking.v:17]
INFO: [Common 17-14] Message 'Synth 8-311' appears 100 times and further instances of the messages will be disabled. Use the Tcl command set_msg_config to change the current settings.
WARNING: [Synth 8-6896] loop limit (65536) exceeded inside initial block, initial block items will be ignored [C:/2024_CA_LAB/LAB/week03/hw_02_Blocking/testbench/tb_Blocking.v:16]
INFO: [Synth 8-6157] synthesizing module 'nonBlocking' [C:/2024_CA_LAB/LAB/week03/hw_01_nonBlocking/sim/xsim/hw_01_nonBlocking/hw_01_nonBlocking.srcs/sources_1/new/nonBlocking.v:1]
INFO: [Synth 8-6155] done synthesizing module 'nonBlocking' (1#1) [C:/2024_CA_LAB/LAB/week03/hw_01_nonBlocking/sim/xsim/hw_01_nonBlocking/hw_01_nonBlocking.srcs/sources_1/new/nonBlocking.v:1]
WARNING: [Synth 8-3848] Net clk in module/entity tb_nonBlocking does not have driver. [C:/2024_CA_LAB/LAB/week03/hw_02_Blocking/testbench/tb_Blocking.v:4]
INFO: [Synth 8-6155] done synthesizing module 'tb_nonBlocking' (2#1) [C:/2024_CA_LAB/LAB/week03/hw_02_Blocking/testbench/tb_Blocking.v:3]
---------------------------------------------------------------------------------
Finished RTL Elaboration : Time (s): cpu = 00:00:09 ; elapsed = 00:00:09 . Memory (MB): peak = 1620.855 ; gain = 330.344
---------------------------------------------------------------------------------

Report Check Netlist: 
+------+------------------+-------+---------+-------+------------------+
|      |Item              |Errors |Warnings |Status |Description       |
+------+------------------+-------+---------+-------+------------------+
|1     |multi_driven_nets |      0|        0|Passed |Multi driven nets |
+------+------------------+-------+---------+-------+------------------+
---------------------------------------------------------------------------------
Start Handling Custom Attributes
---------------------------------------------------------------------------------
---------------------------------------------------------------------------------
Finished Handling Custom Attributes : Time (s): cpu = 00:00:09 ; elapsed = 00:00:09 . Memory (MB): peak = 1620.855 ; gain = 330.344
---------------------------------------------------------------------------------
---------------------------------------------------------------------------------
Finished RTL Optimization Phase 1 : Time (s): cpu = 00:00:09 ; elapsed = 00:00:09 . Memory (MB): peak = 1620.855 ; gain = 330.344
---------------------------------------------------------------------------------
Netlist sorting complete. Time (s): cpu = 00:00:00 ; elapsed = 00:00:00 . Memory (MB): peak = 1620.855 ; gain = 0.000
INFO: [Project 1-570] Preparing netlist for logic optimization

Processing XDC Constraints
Initializing timing engine
Completed Processing XDC Constraints

INFO: [Opt 31-138] Pushed 0 inverter(s) to 0 load pin(s).
Netlist sorting complete. Time (s): cpu = 00:00:00 ; elapsed = 00:00:00 . Memory (MB): peak = 1620.855 ; gain = 0.000
INFO: [Project 1-111] Unisim Transformation Summary:
No Unisim elements were transformed.

RTL Elaboration Complete:  : Time (s): cpu = 00:00:23 ; elapsed = 00:00:14 . Memory (MB): peak = 1775.266 ; gain = 484.754
9 Infos, 102 Warnings, 0 Critical Warnings and 0 Errors encountered.
synth_design completed successfully
synth_design: Time (s): cpu = 00:00:28 ; elapsed = 00:00:19 . Memory (MB): peak = 1775.266 ; gain = 762.711
close_sim
INFO: [Simtcl 6-16] Simulation closed
exit
INFO: [Common 17-206] Exiting Vivado at Fri Mar 22 20:16:43 2024...
