#-----------------------------------------------------------
# Vivado v2019.2 (64-bit)
# SW Build 2708876 on Wed Nov  6 21:40:23 MST 2019
# IP Build 2700528 on Thu Nov  7 00:09:20 MST 2019
# Start of session at: Thu Apr  4 20:52:14 2024
# Process ID: 26608
# Current directory: C:/2024_CA_LAB/LAB/week04/HW_full_adder_32bit/sim/xsim/HW_full_adder_32bit
# Command line: vivado.exe -gui_launcher_event rodinguilauncherevent18704 C:\2024_CA_LAB\LAB\week04\HW_full_adder_32bit\sim\xsim\HW_full_adder_32bit\HW_full_adder_32bit.xpr
# Log file: C:/2024_CA_LAB/LAB/week04/HW_full_adder_32bit/sim/xsim/HW_full_adder_32bit/vivado.log
# Journal file: C:/2024_CA_LAB/LAB/week04/HW_full_adder_32bit/sim/xsim/HW_full_adder_32bit\vivado.jou
#-----------------------------------------------------------
start_gui
open_project C:/2024_CA_LAB/LAB/week04/HW_full_adder_32bit/sim/xsim/HW_full_adder_32bit/HW_full_adder_32bit.xpr
Scanning sources...
Finished scanning sources
INFO: [IP_Flow 19-234] Refreshing IP repositories
INFO: [IP_Flow 19-1704] No user IP repositories specified
INFO: [IP_Flow 19-2313] Loaded Vivado IP repository 'C:/Xilinx/Vivado/2019.2/data/ip'.
open_project: Time (s): cpu = 00:00:12 ; elapsed = 00:00:07 . Memory (MB): peak = 920.746 ; gain = 212.273
update_compile_order -fileset sources_1
exit
INFO: [Common 17-206] Exiting Vivado at Thu Apr  4 20:52:53 2024...
