#-----------------------------------------------------------
# Vivado v2019.2 (64-bit)
# SW Build 2708876 on Wed Nov  6 21:40:23 MST 2019
# IP Build 2700528 on Thu Nov  7 00:09:20 MST 2019
# Start of session at: Tue Apr 30 16:40:09 2024
# Process ID: 25860
# Current directory: C:/2024_CA_LAB/LAB/week07/HW_write_back_data/sim/xsim/HW_write_back_data
# Command line: vivado.exe -gui_launcher_event rodinguilauncherevent10292 C:\2024_CA_LAB\LAB\week07\HW_write_back_data\sim\xsim\HW_write_back_data\HW_write_back_data.xpr
# Log file: C:/2024_CA_LAB/LAB/week07/HW_write_back_data/sim/xsim/HW_write_back_data/vivado.log
# Journal file: C:/2024_CA_LAB/LAB/week07/HW_write_back_data/sim/xsim/HW_write_back_data\vivado.jou
#-----------------------------------------------------------
start_gui
open_project C:/2024_CA_LAB/LAB/week07/HW_write_back_data/sim/xsim/HW_write_back_data/HW_write_back_data.xpr
Scanning sources...
Finished scanning sources
INFO: [IP_Flow 19-234] Refreshing IP repositories
INFO: [IP_Flow 19-1704] No user IP repositories specified
INFO: [IP_Flow 19-2313] Loaded Vivado IP repository 'C:/Xilinx/Vivado/2019.2/data/ip'.
update_compile_order -fileset sources_1
launch_simulation
Command: launch_simulation 
INFO: [Vivado 12-5682] Launching behavioral simulation in 'C:/2024_CA_LAB/LAB/week07/HW_write_back_data/sim/xsim/HW_write_back_data/HW_write_back_data.sim/sim_1/behav/xsim'
INFO: [SIM-utils-51] Simulation object is 'sim_1'
INFO: [SIM-utils-54] Inspecting design source files for 'tb_write_back_data' in fileset 'sim_1'...
INFO: [USF-XSim-97] Finding global include files...
INFO: [USF-XSim-98] Fetching design files from 'sim_1'...
INFO: [USF-XSim-2] XSim::Compile design
INFO: [USF-XSim-61] Executing 'COMPILE and ANALYZE' step in 'C:/2024_CA_LAB/LAB/week07/HW_write_back_data/sim/xsim/HW_write_back_data/HW_write_back_data.sim/sim_1/behav/xsim'
"xvlog --incr --relax -prj tb_write_back_data_vlog.prj"
INFO: [USF-XSim-69] 'compile' step finished in '1' seconds
INFO: [USF-XSim-3] XSim::Elaborate design
INFO: [USF-XSim-61] Executing 'ELABORATE' step in 'C:/2024_CA_LAB/LAB/week07/HW_write_back_data/sim/xsim/HW_write_back_data/HW_write_back_data.sim/sim_1/behav/xsim'
"xelab -wto d22d8e52b58049e09bf4669027a6e743 --incr --debug typical --relax --mt 2 -L xil_defaultlib -L unisims_ver -L unimacro_ver -L secureip --snapshot tb_write_back_data_behav xil_defaultlib.tb_write_back_data xil_defaultlib.glbl -log elaborate.log"
Vivado Simulator 2019.2
Copyright 1986-1999, 2001-2019 Xilinx, Inc. All Rights Reserved.
Running: C:/Xilinx/Vivado/2019.2/bin/unwrapped/win64.o/xelab.exe -wto d22d8e52b58049e09bf4669027a6e743 --incr --debug typical --relax --mt 2 -L xil_defaultlib -L unisims_ver -L unimacro_ver -L secureip --snapshot tb_write_back_data_behav xil_defaultlib.tb_write_back_data xil_defaultlib.glbl -log elaborate.log 
Using 2 slave threads.
Starting static elaboration
Pass Through NonSizing Optimizer
Completed static elaboration
INFO: [XSIM 43-4323] No Change in HDL. Linking previously generated obj files to create kernel
INFO: [USF-XSim-69] 'elaborate' step finished in '2' seconds
INFO: [USF-XSim-4] XSim::Simulate design
INFO: [USF-XSim-61] Executing 'SIMULATE' step in 'C:/2024_CA_LAB/LAB/week07/HW_write_back_data/sim/xsim/HW_write_back_data/HW_write_back_data.sim/sim_1/behav/xsim'
INFO: [USF-XSim-98] *** Running xsim
   with args "tb_write_back_data_behav -key {Behavioral:sim_1:Functional:tb_write_back_data} -tclbatch {tb_write_back_data.tcl} -log {simulate.log}"
INFO: [USF-XSim-8] Loading simulator feature
Vivado Simulator 2019.2
Time resolution is 1 ps
source tb_write_back_data.tcl
# set curr_wave [current_wave_config]
# if { [string length $curr_wave] == 0 } {
#   if { [llength [get_objects]] > 0} {
#     add_wave /
#     set_property needs_save false [current_wave_config]
#   } else {
#      send_msg_id Add_Wave-1 WARNING "No top level signals found. Simulator will start without a wave window. If you want to open a wave window go to 'File->New Waveform Configuration' or type 'create_wave_config' in the TCL console."
#   }
# }
# run 1000ns
$finish called at time : 80 ns : File "C:/2024_CA_LAB/LAB/week07/HW_write_back_data/testbench/tb_write_back_data.v" Line 12
INFO: [USF-XSim-96] XSim completed. Design snapshot 'tb_write_back_data_behav' loaded.
INFO: [USF-XSim-97] XSim simulation ran for 1000ns
launch_simulation: Time (s): cpu = 00:00:07 ; elapsed = 00:00:06 . Memory (MB): peak = 1022.695 ; gain = 33.754
close_sim
INFO: [Simtcl 6-16] Simulation closed
exit
INFO: [Common 17-206] Exiting Vivado at Tue Apr 30 16:45:32 2024...
