#-----------------------------------------------------------
# Vivado v2019.2 (64-bit)
# SW Build 2708876 on Wed Nov  6 21:40:23 MST 2019
# IP Build 2700528 on Thu Nov  7 00:09:20 MST 2019
# Start of session at: Tue Apr 30 16:32:50 2024
# Process ID: 23872
# Current directory: C:/2024_CA_LAB/LAB/week07/HW_write_back_address/sim/xsim/HW_write_back_address
# Command line: vivado.exe -gui_launcher_event rodinguilauncherevent28548 C:\2024_CA_LAB\LAB\week07\HW_write_back_address\sim\xsim\HW_write_back_address\HW_write_back_address.xpr
# Log file: C:/2024_CA_LAB/LAB/week07/HW_write_back_address/sim/xsim/HW_write_back_address/vivado.log
# Journal file: C:/2024_CA_LAB/LAB/week07/HW_write_back_address/sim/xsim/HW_write_back_address\vivado.jou
#-----------------------------------------------------------
start_gui
open_project C:/2024_CA_LAB/LAB/week07/HW_write_back_address/sim/xsim/HW_write_back_address/HW_write_back_address.xpr
CRITICAL WARNING: [Project 1-19] Could not find the file 'C:/2024_CA_LAB/LAB/week07/lab_WriteReg_address/src/write_back_address.v'.
CRITICAL WARNING: [Project 1-19] Could not find the file 'C:/2024_CA_LAB/LAB/week07/lab_WriteReg_address/testbench/tb_write_back_address.v'.
Scanning sources...
Finished scanning sources
INFO: [IP_Flow 19-234] Refreshing IP repositories
INFO: [IP_Flow 19-1704] No user IP repositories specified
INFO: [IP_Flow 19-2313] Loaded Vivado IP repository 'C:/Xilinx/Vivado/2019.2/data/ip'.
update_compile_order -fileset sources_1
update_compile_order -fileset sources_1
exit
INFO: [Common 17-206] Exiting Vivado at Tue Apr 30 16:34:30 2024...
